TN:
SF:/home/rozar/Documents/bitflow/bitflow-stableswap/contracts/sip-010-trait-ft-standard-v-1-1.clar
FNF:0
FNH:0
BRF:0
BRH:0
end_of_record
TN:
SF:/home/rozar/Documents/bitflow/bitflow-stableswap/contracts/stableswap-core-v-1-1.clar
FN:77,get-admins
FN:82,get-admin-helper
FN:87,get-last-pool-id
FN:92,get-pool-by-id
FN:97,get-minimum-total-shares
FN:102,get-minimum-burnt-shares
FN:107,get-public-pool-creation
FN:1540,is-valid-pool
FN:1647,scale-up-amounts
FN:1607,fold-d-for-loop
FN:339,get-d
FN:1578,fold-y-for-loop
FN:324,get-y
FN:1679,scale-down-amounts
FN:112,get-dy
FN:1549,fold-x-for-loop
FN:309,get-x
FN:168,get-dx
FN:224,get-dlp
FN:344,set-minimum-shares
FN:375,set-public-pool-creation
FN:394,set-pool-uri
FN:429,set-pool-status
FN:461,set-midpoint-manager
FN:496,set-fee-address
FN:531,set-midpoint
FN:567,set-midpoint-factor
FN:603,set-midpoint-reversed
FN:635,set-x-fees
FN:671,set-y-fees
FN:707,set-liquidity-fee
FN:742,set-amplification-coefficient
FN:774,set-convergence-threshold
FN:1514,create-symbol
FN:806,create-pool
FN:947,swap-x-for-y
FN:1053,swap-y-for-x
FN:1159,add-liquidity
FN:1315,withdraw-liquidity
FN:1403,add-admin
FN:1509,admin-not-removable
FN:1422,remove-admin
FN:1445,set-pool-uri-multi
FN:1453,set-pool-status-multi
FN:1461,set-fee-address-multi
FN:1469,set-x-fees-multi
FN:1477,set-y-fees-multi
FN:1485,set-liquidity-fee-multi
FN:1493,set-amplification-coefficient-multi
FN:1501,set-convergence-threshold-multi
FNDA:1,create-pool
FNDA:1,create-symbol
FNDA:1,scale-up-amounts
FNF:50
FNH:3
DA:78,0
DA:83,0
DA:88,0
DA:93,0
DA:98,0
DA:103,0
DA:108,0
DA:117,0
DA:119,0
DA:120,0
DA:121,0
DA:122,0
DA:123,0
DA:124,0
DA:125,0
DA:126,0
DA:127,0
DA:128,0
DA:129,0
DA:130,0
DA:131,0
DA:134,0
DA:135,0
DA:136,0
DA:137,0
DA:138,0
DA:139,0
DA:140,0
DA:141,0
DA:142,0
DA:145,0
DA:146,0
DA:147,0
DA:148,0
DA:151,0
DA:152,0
DA:155,0
DA:156,0
DA:157,0
DA:160,0
DA:163,0
DA:173,0
DA:175,0
DA:176,0
DA:177,0
DA:178,0
DA:179,0
DA:180,0
DA:181,0
DA:182,0
DA:183,0
DA:184,0
DA:185,0
DA:186,0
DA:187,0
DA:190,0
DA:191,0
DA:192,0
DA:193,0
DA:194,0
DA:195,0
DA:196,0
DA:197,0
DA:198,0
DA:201,0
DA:202,0
DA:203,0
DA:204,0
DA:207,0
DA:208,0
DA:211,0
DA:212,0
DA:213,0
DA:216,0
DA:219,0
DA:229,0
DA:231,0
DA:232,0
DA:233,0
DA:234,0
DA:235,0
DA:236,0
DA:237,0
DA:238,0
DA:239,0
DA:240,0
DA:241,0
DA:242,0
DA:243,0
DA:244,0
DA:245,0
DA:248,0
DA:249,0
DA:250,0
DA:251,0
DA:252,0
DA:253,0
DA:254,0
DA:255,0
DA:256,0
DA:259,0
DA:260,0
DA:261,0
DA:262,0
DA:263,0
DA:264,0
DA:267,0
DA:268,0
DA:269,0
DA:270,0
DA:271,0
DA:272,0
DA:273,0
DA:276,0
DA:277,0
DA:278,0
DA:281,0
DA:282,0
DA:283,0
DA:286,0
DA:287,0
DA:288,0
DA:289,0
DA:292,0
DA:293,0
DA:296,0
DA:297,0
DA:298,0
DA:301,0
DA:304,0
DA:310,0
DA:311,0
DA:312,0
DA:313,0
DA:314,0
DA:315,0
DA:316,0
DA:317,0
DA:319,0
DA:325,0
DA:326,0
DA:327,0
DA:328,0
DA:329,0
DA:330,0
DA:331,0
DA:332,0
DA:334,0
DA:340,0
DA:345,0
DA:346,0
DA:348,0
DA:350,0
DA:351,0
DA:354,0
DA:357,0
DA:358,0
DA:361,0
DA:362,0
DA:363,0
DA:364,0
DA:365,0
DA:366,0
DA:369,0
DA:376,0
DA:377,0
DA:379,0
DA:381,0
DA:384,0
DA:387,0
DA:388,0
DA:395,0
DA:397,0
DA:398,0
DA:400,0
DA:402,0
DA:403,0
DA:404,0
DA:407,0
DA:410,0
DA:413,0
DA:414,0
DA:415,0
DA:416,0
DA:417,0
DA:418,0
DA:419,0
DA:420,0
DA:423,0
DA:430,0
DA:432,0
DA:433,0
DA:435,0
DA:437,0
DA:438,0
DA:439,0
DA:442,0
DA:445,0
DA:446,0
DA:447,0
DA:448,0
DA:449,0
DA:450,0
DA:451,0
DA:452,0
DA:455,0
DA:462,0
DA:464,0
DA:465,0
DA:467,0
DA:469,0
DA:470,0
DA:471,0
DA:474,0
DA:477,0
DA:480,0
DA:481,0
DA:482,0
DA:483,0
DA:484,0
DA:485,0
DA:486,0
DA:487,0
DA:490,0
DA:497,0
DA:499,0
DA:500,0
DA:502,0
DA:504,0
DA:505,0
DA:506,0
DA:509,0
DA:512,0
DA:515,0
DA:516,0
DA:517,0
DA:518,0
DA:519,0
DA:520,0
DA:521,0
DA:522,0
DA:525,0
DA:532,0
DA:534,0
DA:535,0
DA:536,0
DA:538,0
DA:540,0
DA:541,0
DA:542,0
DA:545,0
DA:548,0
DA:551,0
DA:552,0
DA:553,0
DA:554,0
DA:555,0
DA:556,0
DA:557,0
DA:558,0
DA:561,0
DA:568,0
DA:570,0
DA:571,0
DA:572,0
DA:574,0
DA:576,0
DA:577,0
DA:578,0
DA:581,0
DA:584,0
DA:587,0
DA:588,0
DA:589,0
DA:590,0
DA:591,0
DA:592,0
DA:593,0
DA:594,0
DA:597,0
DA:604,0
DA:606,0
DA:607,0
DA:609,0
DA:611,0
DA:612,0
DA:613,0
DA:616,0
DA:619,0
DA:620,0
DA:621,0
DA:622,0
DA:623,0
DA:624,0
DA:625,0
DA:626,0
DA:629,0
DA:636,0
DA:638,0
DA:639,0
DA:641,0
DA:643,0
DA:644,0
DA:645,0
DA:648,0
DA:651,0
DA:654,0
DA:655,0
DA:656,0
DA:657,0
DA:658,0
DA:659,0
DA:660,0
DA:661,0
DA:662,0
DA:665,0
DA:672,0
DA:674,0
DA:675,0
DA:677,0
DA:679,0
DA:680,0
DA:681,0
DA:684,0
DA:687,0
DA:690,0
DA:691,0
DA:692,0
DA:693,0
DA:694,0
DA:695,0
DA:696,0
DA:697,0
DA:698,0
DA:701,0
DA:708,0
DA:710,0
DA:711,0
DA:713,0
DA:715,0
DA:716,0
DA:717,0
DA:720,0
DA:723,0
DA:726,0
DA:727,0
DA:728,0
DA:729,0
DA:730,0
DA:731,0
DA:732,0
DA:733,0
DA:736,0
DA:743,0
DA:745,0
DA:746,0
DA:748,0
DA:750,0
DA:751,0
DA:752,0
DA:755,0
DA:758,0
DA:759,0
DA:760,0
DA:761,0
DA:762,0
DA:763,0
DA:764,0
DA:765,0
DA:768,0
DA:775,0
DA:777,0
DA:778,0
DA:780,0
DA:782,0
DA:783,0
DA:784,0
DA:787,0
DA:790,0
DA:791,0
DA:792,0
DA:793,0
DA:794,0
DA:795,0
DA:796,0
DA:797,0
DA:800,0
DA:819,1
DA:821,1
DA:822,1
DA:825,1
DA:826,1
DA:827,1
DA:828,1
DA:829,1
DA:832,1
DA:833,1
DA:834,1
DA:835,1
DA:836,1
DA:837,1
DA:839,1
DA:841,1
DA:844,1
DA:847,1
DA:850,1
DA:851,1
DA:852,1
DA:855,1
DA:858,1
DA:861,1
DA:864,1
DA:867,1
DA:870,1
DA:871,1
DA:872,1
DA:875,1
DA:876,1
DA:879,1
DA:880,1
DA:881,1
DA:884,1
DA:885,1
DA:886,1
DA:887,1
DA:888,1
DA:889,1
DA:890,1
DA:893,1
DA:894,1
DA:897,1
DA:898,1
DA:901,1
DA:904,1
DA:907,1
DA:910,1
DA:911,1
DA:912,1
DA:913,0
DA:914,1
DA:915,1
DA:916,1
DA:917,1
DA:918,1
DA:919,1
DA:920,1
DA:921,1
DA:922,1
DA:923,1
DA:924,1
DA:925,1
DA:926,1
DA:927,1
DA:928,1
DA:929,1
DA:930,1
DA:931,1
DA:932,1
DA:933,1
DA:934,1
DA:935,1
DA:936,1
DA:937,1
DA:938,1
DA:941,1
DA:952,0
DA:954,0
DA:955,0
DA:956,0
DA:957,0
DA:958,0
DA:959,0
DA:960,0
DA:961,0
DA:962,0
DA:963,0
DA:964,0
DA:965,0
DA:966,0
DA:967,0
DA:968,0
DA:971,0
DA:972,0
DA:973,0
DA:974,0
DA:975,0
DA:976,0
DA:977,0
DA:978,0
DA:979,0
DA:980,0
DA:983,0
DA:984,0
DA:985,0
DA:986,0
DA:989,0
DA:990,0
DA:991,0
DA:992,0
DA:993,0
DA:994,0
DA:995,0
DA:996,0
DA:997,0
DA:999,0
DA:1001,0
DA:1002,0
DA:1003,0
DA:1006,0
DA:1009,0
DA:1010,0
DA:1013,0
DA:1016,0
DA:1019,0
DA:1020,0
DA:1021,0
DA:1025,0
DA:1028,0
DA:1029,0
DA:1030,0
DA:1031,0
DA:1032,0
DA:1033,0
DA:1034,0
DA:1035,0
DA:1036,0
DA:1037,0
DA:1038,0
DA:1039,0
DA:1040,0
DA:1041,0
DA:1042,0
DA:1043,0
DA:1044,0
DA:1047,0
DA:1058,0
DA:1060,0
DA:1061,0
DA:1062,0
DA:1063,0
DA:1064,0
DA:1065,0
DA:1066,0
DA:1067,0
DA:1068,0
DA:1069,0
DA:1070,0
DA:1071,0
DA:1072,0
DA:1073,0
DA:1074,0
DA:1077,0
DA:1078,0
DA:1079,0
DA:1080,0
DA:1081,0
DA:1082,0
DA:1083,0
DA:1084,0
DA:1085,0
DA:1086,0
DA:1089,0
DA:1090,0
DA:1091,0
DA:1092,0
DA:1095,0
DA:1096,0
DA:1097,0
DA:1098,0
DA:1099,0
DA:1100,0
DA:1101,0
DA:1102,0
DA:1103,0
DA:1105,0
DA:1107,0
DA:1108,0
DA:1109,0
DA:1112,0
DA:1115,0
DA:1116,0
DA:1119,0
DA:1122,0
DA:1125,0
DA:1126,0
DA:1127,0
DA:1131,0
DA:1134,0
DA:1135,0
DA:1136,0
DA:1137,0
DA:1138,0
DA:1139,0
DA:1140,0
DA:1141,0
DA:1142,0
DA:1143,0
DA:1144,0
DA:1145,0
DA:1146,0
DA:1147,0
DA:1148,0
DA:1149,0
DA:1150,0
DA:1153,0
DA:1164,0
DA:1166,0
DA:1167,0
DA:1168,0
DA:1169,0
DA:1170,0
DA:1171,0
DA:1172,0
DA:1173,0
DA:1174,0
DA:1175,0
DA:1176,0
DA:1177,0
DA:1178,0
DA:1179,0
DA:1180,0
DA:1181,0
DA:1182,0
DA:1185,0
DA:1186,0
DA:1187,0
DA:1188,0
DA:1189,0
DA:1190,0
DA:1191,0
DA:1192,0
DA:1193,0
DA:1196,0
DA:1197,0
DA:1198,0
DA:1199,0
DA:1200,0
DA:1201,0
DA:1204,0
DA:1205,0
DA:1206,0
DA:1207,0
DA:1208,0
DA:1209,0
DA:1210,0
DA:1211,0
DA:1212,0
DA:1215,0
DA:1216,0
DA:1217,0
DA:1218,0
DA:1219,0
DA:1220,0
DA:1221,0
DA:1222,0
DA:1223,0
DA:1226,0
DA:1227,0
DA:1228,0
DA:1231,0
DA:1232,0
DA:1233,0
DA:1234,0
DA:1237,0
DA:1238,0
DA:1240,0
DA:1242,0
DA:1244,0
DA:1245,0
DA:1246,0
DA:1249,0
DA:1252,0
DA:1253,0
DA:1256,0
DA:1257,0
DA:1258,0
DA:1262,0
DA:1263,0
DA:1264,0
DA:1268,0
DA:1269,0
DA:1270,0
DA:1274,0
DA:1275,0
DA:1276,0
DA:1280,0
DA:1283,0
DA:1286,0
DA:1287,0
DA:1288,0
DA:1289,0
DA:1290,0
DA:1291,0
DA:1292,0
DA:1293,0
DA:1294,0
DA:1295,0
DA:1296,0
DA:1297,0
DA:1298,0
DA:1299,0
DA:1300,0
DA:1301,0
DA:1302,0
DA:1303,0
DA:1304,0
DA:1305,0
DA:1306,0
DA:1309,0
DA:1320,0
DA:1322,0
DA:1323,0
DA:1324,0
DA:1325,0
DA:1326,0
DA:1327,0
DA:1328,0
DA:1329,0
DA:1330,0
DA:1333,0
DA:1334,0
DA:1335,0
DA:1336,0
DA:1339,0
DA:1340,0
DA:1341,0
DA:1342,0
DA:1343,0
DA:1345,0
DA:1347,0
DA:1348,0
DA:1351,0
DA:1354,0
DA:1357,0
DA:1360,0
DA:1363,0
DA:1364,0
DA:1365,0
DA:1369,0
DA:1370,0
DA:1371,0
DA:1375,0
DA:1378,0
DA:1381,0
DA:1382,0
DA:1383,0
DA:1384,0
DA:1385,0
DA:1386,0
DA:1387,0
DA:1388,0
DA:1389,0
DA:1390,0
DA:1391,0
DA:1392,0
DA:1393,0
DA:1394,0
DA:1397,0
DA:1404,0
DA:1405,0
DA:1406,0
DA:1409,0
DA:1410,0
DA:1413,0
DA:1416,0
DA:1417,0
DA:1423,0
DA:1424,0
DA:1425,0
DA:1428,0
DA:1429,0
DA:1432,0
DA:1435,0
DA:1436,0
DA:1439,0
DA:1440,0
DA:1449,0
DA:1457,0
DA:1465,0
DA:1473,0
DA:1481,0
DA:1489,0
DA:1497,0
DA:1505,0
DA:1510,0
DA:1515,1
DA:1517,1
DA:1518,1
DA:1521,0
DA:1522,1
DA:1523,0
DA:1524,1
DA:1527,0
DA:1528,1
DA:1529,0
DA:1530,1
DA:1535,1
DA:1541,0
DA:1542,0
DA:1544,0
DA:1550,0
DA:1551,0
DA:1552,0
DA:1553,0
DA:1554,0
DA:1555,0
DA:1556,0
DA:1557,0
DA:1558,0
DA:1559,0
DA:1561,0
DA:1562,0
DA:1563,0
DA:1564,0
DA:1565,0
DA:1567,0
DA:1568,0
DA:1569,0
DA:1572,0
DA:1579,0
DA:1580,0
DA:1581,0
DA:1582,0
DA:1583,0
DA:1584,0
DA:1585,0
DA:1586,0
DA:1587,0
DA:1588,0
DA:1590,0
DA:1591,0
DA:1592,0
DA:1593,0
DA:1594,0
DA:1596,0
DA:1597,0
DA:1598,0
DA:1601,0
DA:1608,0
DA:1610,0
DA:1611,0
DA:1612,0
DA:1613,0
DA:1614,0
DA:1615,0
DA:1616,0
DA:1617,0
DA:1621,0
DA:1624,0
DA:1625,0
DA:1626,0
DA:1627,0
DA:1630,0
DA:1631,0
DA:1632,0
DA:1633,0
DA:1634,0
DA:1636,0
DA:1637,0
DA:1638,0
DA:1641,0
DA:1648,1
DA:1650,1
DA:1651,1
DA:1654,0
DA:1655,1
DA:1656,1
DA:1657,0
DA:1658,0
DA:1659,0
DA:1663,0
DA:1664,1
DA:1665,1
DA:1666,0
DA:1667,0
DA:1668,0
DA:1674,1
DA:1680,0
DA:1682,0
DA:1683,0
DA:1686,0
DA:1687,0
DA:1688,0
DA:1689,0
DA:1690,0
DA:1691,0
DA:1695,0
DA:1696,0
DA:1697,0
DA:1698,0
DA:1699,0
DA:1700,0
DA:1706,0
BRF:235
BRH:7
BRDA:120,1569,0,0
BRDA:145,1713,0,0
BRDA:145,1713,1,0
BRDA:146,1720,0,0
BRDA:146,1720,1,0
BRDA:155,1760,0,0
BRDA:156,1770,0,0
BRDA:157,1779,0,0
BRDA:160,1788,0,0
BRDA:160,1790,0,0
BRDA:160,1790,1,0
BRDA:176,2148,0,0
BRDA:201,2292,0,0
BRDA:201,2292,1,0
BRDA:202,2299,0,0
BRDA:202,2299,1,0
BRDA:211,2339,0,0
BRDA:212,2349,0,0
BRDA:213,2358,0,0
BRDA:216,2367,0,0
BRDA:216,2369,0,0
BRDA:216,2369,1,0
BRDA:232,2419,0,0
BRDA:263,2605,0,0
BRDA:263,2605,1,0
BRDA:264,2621,0,0
BRDA:264,2621,1,0
BRDA:269,2655,0,0
BRDA:269,2655,1,0
BRDA:270,2665,0,0
BRDA:270,2665,1,0
BRDA:281,2713,0,0
BRDA:281,2713,1,0
BRDA:282,2720,0,0
BRDA:282,2720,1,0
BRDA:292,2768,0,0
BRDA:296,2787,0,0
BRDA:297,2797,0,0
BRDA:298,2806,0,0
BRDA:301,2815,0,0
BRDA:350,2846,0,0
BRDA:351,2857,0,0
BRDA:351,2859,0,0
BRDA:351,2859,1,0
BRDA:354,2870,0,0
BRDA:381,2923,0,0
BRDA:402,2987,0,0
BRDA:403,2998,0,0
BRDA:404,3010,0,0
BRDA:407,3020,0,0
BRDA:437,3100,0,0
BRDA:438,3111,0,0
BRDA:439,3123,0,0
BRDA:469,3204,0,0
BRDA:470,3215,0,0
BRDA:471,3227,0,0
BRDA:474,3237,0,0
BRDA:504,3314,0,0
BRDA:505,3325,0,0
BRDA:506,3337,0,0
BRDA:509,3347,0,0
BRDA:540,3430,0,0
BRDA:540,3432,0,0
BRDA:540,3432,1,0
BRDA:541,3447,0,0
BRDA:542,3459,0,0
BRDA:545,3469,0,0
BRDA:576,3553,0,0
BRDA:576,3555,0,0
BRDA:576,3555,1,0
BRDA:577,3570,0,0
BRDA:578,3582,0,0
BRDA:581,3592,0,0
BRDA:611,3670,0,0
BRDA:612,3681,0,0
BRDA:613,3693,0,0
BRDA:643,3777,0,0
BRDA:644,3788,0,0
BRDA:645,3800,0,0
BRDA:648,3810,0,0
BRDA:679,3898,0,0
BRDA:680,3909,0,0
BRDA:681,3921,0,0
BRDA:684,3931,0,0
BRDA:715,4016,0,0
BRDA:716,4027,0,0
BRDA:717,4039,0,0
BRDA:720,4049,0,0
BRDA:750,4127,0,0
BRDA:751,4138,0,0
BRDA:752,4150,0,0
BRDA:782,4231,0,0
BRDA:783,4242,0,0
BRDA:784,4254,0,0
BRDA:841,4532,0,0
BRDA:841,4534,0,1
BRDA:841,4534,1,0
BRDA:844,4548,0,0
BRDA:847,4558,0,0
BRDA:850,4567,0,0
BRDA:851,4573,0,0
BRDA:852,4579,0,0
BRDA:855,4585,0,0
BRDA:855,4587,0,1
BRDA:855,4587,1,1
BRDA:858,4598,0,0
BRDA:861,4605,0,0
BRDA:864,4614,0,0
BRDA:867,4621,0,0
BRDA:870,4631,0,0
BRDA:871,4640,0,0
BRDA:872,4649,0,0
BRDA:875,4658,0,0
BRDA:876,4665,0,0
BRDA:879,4672,0,0
BRDA:880,4682,0,0
BRDA:881,4692,0,0
BRDA:955,4956,0,0
BRDA:983,5118,0,0
BRDA:983,5118,1,0
BRDA:984,5125,0,0
BRDA:984,5125,1,0
BRDA:1001,5218,0,0
BRDA:1002,5228,0,0
BRDA:1003,5237,0,0
BRDA:1006,5246,0,0
BRDA:1006,5248,0,0
BRDA:1006,5248,1,0
BRDA:1009,5262,0,0
BRDA:1010,5269,0,0
BRDA:1020,5295,0,0
BRDA:1021,5295,1,0
BRDA:1061,5419,0,0
BRDA:1089,5581,0,0
BRDA:1089,5581,1,0
BRDA:1090,5588,0,0
BRDA:1090,5588,1,0
BRDA:1107,5681,0,0
BRDA:1108,5691,0,0
BRDA:1109,5700,0,0
BRDA:1112,5709,0,0
BRDA:1112,5711,0,0
BRDA:1112,5711,1,0
BRDA:1115,5725,0,0
BRDA:1116,5732,0,0
BRDA:1126,5758,0,0
BRDA:1127,5758,1,0
BRDA:1167,5885,0,0
BRDA:1200,6082,0,0
BRDA:1200,6082,1,0
BRDA:1201,6098,0,0
BRDA:1201,6098,1,0
BRDA:1206,6132,0,0
BRDA:1206,6132,1,0
BRDA:1207,6142,0,0
BRDA:1207,6142,1,0
BRDA:1226,6244,0,0
BRDA:1226,6244,1,0
BRDA:1227,6251,0,0
BRDA:1227,6251,1,0
BRDA:1237,6299,0,0
BRDA:1244,6323,0,0
BRDA:1245,6333,0,0
BRDA:1246,6342,0,0
BRDA:1249,6351,0,0
BRDA:1252,6361,0,0
BRDA:1253,6368,0,0
BRDA:1257,6375,0,0
BRDA:1258,6375,1,0
BRDA:1263,6392,0,0
BRDA:1264,6392,1,0
BRDA:1269,6409,0,0
BRDA:1270,6409,1,0
BRDA:1275,6426,0,0
BRDA:1276,6426,1,0
BRDA:1323,6570,0,0
BRDA:1347,6687,0,0
BRDA:1348,6696,0,0
BRDA:1351,6705,0,0
BRDA:1354,6712,0,0
BRDA:1357,6722,0,0
BRDA:1360,6729,0,0
BRDA:1364,6736,0,0
BRDA:1365,6736,1,0
BRDA:1370,6752,0,0
BRDA:1371,6752,1,0
BRDA:1409,6865,0,0
BRDA:1410,6874,0,0
BRDA:1428,6949,0,0
BRDA:1429,6958,0,0
BRDA:1432,6967,0,0
BRDA:1523,4339,0,0
BRDA:1524,4339,1,1
BRDA:1529,4357,0,0
BRDA:1530,4357,1,1
BRDA:1562,1902,0,0
BRDA:1563,1908,0,0
BRDA:1567,1908,1,0
BRDA:1572,1902,1,0
BRDA:1591,1228,0,0
BRDA:1592,1234,0,0
BRDA:1596,1234,1,0
BRDA:1601,1228,1,0
BRDA:1631,973,0,0
BRDA:1632,979,0,0
BRDA:1636,979,1,0
BRDA:1641,973,1,0
BRDA:1656,772,0,1
BRDA:1657,772,1,0
BRDA:1658,779,0,0
BRDA:1659,779,1,0
BRDA:1665,798,0,1
BRDA:1666,798,1,0
BRDA:1667,805,0,0
BRDA:1668,805,1,0
BRDA:1688,1481,0,0
BRDA:1689,1481,1,0
BRDA:1690,1488,0,0
BRDA:1691,1488,1,0
BRDA:1697,1507,0,0
BRDA:1698,1507,1,0
BRDA:1699,1514,0,0
BRDA:1700,1514,1,0
end_of_record
TN:
SF:/home/rozar/Documents/bitflow/bitflow-stableswap/contracts/stableswap-emissions-stx-ststx-stx-v-1-1.clar
FN:43,get-deployment-height
FN:47,get-current-cycle
FN:51,get-cycle-from-height
FN:55,get-starting-height-from-cycle
FN:59,get-admins
FN:63,get-admin-helper
FN:67,get-claim-status
FN:71,get-total-unclaimed-rewards
FN:75,get-rewards-expiration
FN:79,get-cycle
FN:83,get-user-at-cycle
FN:309,get-external-user-data
FN:319,get-external-cycle-data
FN:87,get-user-rewards-at-cycle
FN:107,add-admin
FN:295,admin-not-removable
FN:120,remove-admin
FN:137,set-claim-status
FN:150,set-rewards-expiration
FN:163,set-rewards
FN:190,clear-expired-rewards
FN:299,transfer-rewards-token
FN:217,withdraw-rewards
FN:238,claim-rewards
FN:283,set-rewards-multi
FN:287,clear-expired-rewards-multi
FN:291,claim-rewards-multi
FNF:27
FNH:0
BRF:0
BRH:0
end_of_record
TN:
SF:/home/rozar/Documents/bitflow/bitflow-stableswap/contracts/stableswap-pool-stx-ststx-v-1-1.clar
FN:63,get-name
FN:68,get-symbol
FN:73,get-decimals
FN:78,get-token-uri
FN:83,get-total-supply
FN:88,get-balance
FN:93,get-pool
FN:126,set-pool-uri
FN:140,set-pool-status
FN:154,set-midpoint-manager
FN:168,set-fee-address
FN:182,set-midpoint
FN:196,set-midpoint-factor
FN:210,set-midpoint-reversed
FN:224,set-x-fees
FN:239,set-y-fees
FN:254,set-liquidity-fee
FN:268,set-amplification-coefficient
FN:282,set-convergence-threshold
FN:296,update-pool-balances
FN:315,transfer
FN:350,pool-transfer
FN:377,pool-mint
FN:400,pool-burn
FN:423,create-pool
FNDA:1,create-pool
FNDA:2,get-pool
FNDA:1,pool-mint
FNDA:1,set-liquidity-fee
FNDA:1,set-midpoint
FNDA:1,set-midpoint-factor
FNDA:1,set-midpoint-reversed
FNDA:1,set-x-fees
FNDA:1,set-y-fees
FNDA:1,update-pool-balances
FNF:25
FNH:10
DA:64,0
DA:69,0
DA:74,0
DA:79,0
DA:84,0
DA:89,0
DA:94,2
DA:95,2
DA:96,2
DA:97,2
DA:98,2
DA:99,2
DA:100,2
DA:101,2
DA:102,2
DA:103,2
DA:104,2
DA:105,2
DA:106,2
DA:107,2
DA:108,2
DA:109,2
DA:110,2
DA:111,2
DA:112,2
DA:113,2
DA:114,2
DA:115,2
DA:116,2
DA:117,2
DA:118,2
DA:119,2
DA:120,2
DA:121,2
DA:127,0
DA:128,0
DA:130,0
DA:132,0
DA:133,0
DA:134,0
DA:141,0
DA:142,0
DA:144,0
DA:146,0
DA:147,0
DA:148,0
DA:155,0
DA:156,0
DA:158,0
DA:160,0
DA:161,0
DA:162,0
DA:169,0
DA:170,0
DA:172,0
DA:174,0
DA:175,0
DA:176,0
DA:183,1
DA:184,1
DA:186,1
DA:188,1
DA:189,1
DA:190,1
DA:197,1
DA:198,1
DA:200,1
DA:202,1
DA:203,1
DA:204,1
DA:211,1
DA:212,1
DA:214,1
DA:216,1
DA:217,1
DA:218,1
DA:225,1
DA:226,1
DA:228,1
DA:230,1
DA:231,1
DA:232,1
DA:233,1
DA:240,1
DA:241,1
DA:243,1
DA:245,1
DA:246,1
DA:247,1
DA:248,1
DA:255,1
DA:256,1
DA:258,1
DA:260,1
DA:261,1
DA:262,1
DA:269,0
DA:270,0
DA:272,0
DA:274,0
DA:275,0
DA:276,0
DA:283,0
DA:284,0
DA:286,0
DA:288,0
DA:289,0
DA:290,0
DA:297,1
DA:298,1
DA:300,1
DA:302,1
DA:303,1
DA:304,1
DA:305,1
DA:308,1
DA:309,1
DA:320,0
DA:321,0
DA:323,0
DA:325,0
DA:326,0
DA:327,0
DA:330,0
DA:331,0
DA:334,0
DA:335,0
DA:336,0
DA:337,0
DA:338,0
DA:339,0
DA:340,0
DA:341,0
DA:344,0
DA:351,0
DA:352,0
DA:353,0
DA:355,0
DA:357,0
DA:360,0
DA:361,0
DA:364,0
DA:367,0
DA:370,0
DA:371,0
DA:378,2
DA:379,2
DA:381,2
DA:383,2
DA:386,2
DA:387,2
DA:390,2
DA:393,2
DA:394,2
DA:401,0
DA:402,0
DA:404,0
DA:406,0
DA:409,0
DA:410,0
DA:413,0
DA:416,0
DA:417,0
DA:433,1
DA:434,1
DA:436,1
DA:438,1
DA:439,1
DA:440,1
DA:441,1
DA:442,1
DA:443,1
DA:444,1
DA:445,1
DA:446,1
DA:447,1
DA:448,1
DA:449,1
DA:450,1
DA:451,1
DA:452,1
DA:453,1
BRF:30
BRH:0
BRDA:132,409,0,0
BRDA:146,438,0,0
BRDA:160,467,0,0
BRDA:174,496,0,0
BRDA:188,525,0,0
BRDA:202,554,0,0
BRDA:216,583,0,0
BRDA:230,615,0,0
BRDA:245,651,0,0
BRDA:260,684,0,0
BRDA:274,713,0,0
BRDA:288,742,0,0
BRDA:302,777,0,0
BRDA:325,847,0,0
BRDA:326,854,0,0
BRDA:327,860,0,0
BRDA:331,874,0,0
BRDA:331,874,1,0
BRDA:357,937,0,0
BRDA:360,944,0,0
BRDA:361,950,0,0
BRDA:364,956,0,0
BRDA:383,1016,0,0
BRDA:386,1023,0,0
BRDA:387,1029,0,0
BRDA:406,1081,0,0
BRDA:409,1088,0,0
BRDA:410,1094,0,0
BRDA:438,1182,0,0
BRDA:439,1189,0,0
end_of_record
TN:
SF:/home/rozar/Documents/bitflow/bitflow-stableswap/contracts/stableswap-pool-trait-v-1-1.clar
FNF:0
FNH:0
BRF:0
BRH:0
end_of_record
TN:
SF:/home/rozar/Documents/bitflow/bitflow-stableswap/contracts/stableswap-staking-stx-ststx-v-1-1.clar
FN:60,get-deployment-height
FN:64,get-current-cycle
FN:68,get-cycle-from-height
FN:72,get-starting-height-from-cycle
FN:76,get-admins
FN:80,get-admin-helper
FN:84,get-helper-value
FN:88,get-helper-list
FN:92,get-staking-status
FN:96,get-early-unstake-status
FN:100,get-early-unstake-fee-address
FN:104,get-early-unstake-fee
FN:108,get-total-lp-staked
FN:112,get-lp-staked-at-cycle
FN:116,get-user
FN:120,get-user-at-cycle
FN:124,add-admin
FN:352,admin-not-removable
FN:137,remove-admin
FN:154,set-staking-status
FN:167,set-early-unstake-status
FN:180,set-early-unstake-fee-address
FN:193,set-early-unstake-fee
FN:356,filter-cycles-list
FN:377,map-filtered-cycles-list
FN:363,filter-next-cycles-list
FN:456,transfer-lp-token
FN:381,fold-user-data-per-cycle
FN:206,stake-lp-tokens
FN:370,filter-unstaked-cycles-list
FN:406,fold-cycles-to-unstakeable-cycles
FN:271,unstake-lp-tokens
FN:432,fold-early-unstake-per-cycle
FN:308,early-unstake-lp-tokens
FNF:34
FNH:0
BRF:0
BRH:0
end_of_record
TN:
SF:/home/rozar/Documents/bitflow/bitflow-stableswap/contracts/external/token-ststx.clar
FN:9,get-total-supply
FN:13,get-name
FN:17,get-symbol
FN:21,get-decimals
FN:25,get-balance
FN:29,get-balance-simple
FN:34,get-token-uri
FN:38,transfer
FN:52,mint
FN:58,burn
FNDA:1,get-decimals
FNDA:1,get-symbol
FNDA:1,mint
FNDA:1,transfer
FNF:10
FNH:4
DA:10,0
DA:14,0
DA:18,1
DA:22,1
DA:26,0
DA:30,0
DA:35,0
DA:39,1
DA:40,1
DA:42,1
DA:43,1
DA:44,1
DA:45,1
DA:47,0
DA:53,1
DA:54,1
DA:59,0
DA:60,0
BRF:3
BRH:1
BRDA:40,101,0,0
BRDA:43,110,0,1
BRDA:47,110,1,0
end_of_record
TN:
SF:/home/rozar/Documents/bitflow/bitflow-stableswap/contracts/token-stx-v-1-1.clar
FN:14,get-name
FN:18,get-symbol
FN:22,get-decimals
FN:26,get-total-supply
FN:30,get-balance
FN:34,get-token-uri
FN:38,get-contract-owner
FN:42,set-token-uri
FN:56,set-contract-owner
FN:70,transfer
FNDA:1,get-decimals
FNDA:1,get-symbol
FNDA:1,transfer
FNF:10
FNH:3
DA:15,0
DA:19,1
DA:23,1
DA:27,0
DA:31,0
DA:35,0
DA:39,0
DA:43,0
DA:44,0
DA:46,0
DA:47,0
DA:48,0
DA:49,0
DA:50,0
DA:51,0
DA:57,0
DA:58,0
DA:60,0
DA:61,0
DA:62,0
DA:63,0
DA:64,0
DA:65,0
DA:75,1
DA:76,1
DA:78,1
DA:79,1
DA:80,1
DA:81,1
DA:82,1
DA:83,1
DA:84,1
DA:85,1
DA:86,1
DA:87,1
DA:88,0
DA:89,1
DA:90,1
DA:91,1
DA:92,1
DA:95,1
BRF:10
BRH:1
BRDA:47,117,0,0
BRDA:48,126,0,0
BRDA:61,174,0,0
BRDA:62,183,0,0
BRDA:79,241,0,0
BRDA:80,248,0,0
BRDA:81,254,0,0
BRDA:82,260,0,0
BRDA:84,274,0,0
BRDA:84,274,1,1
end_of_record
TN:tests/basic.test.ts__Basic Pool Operations__1.0 Read-Only Functions__should get admin information
SF:/home/rozar/Documents/bitflow/bitflow-stableswap/contracts/sip-010-trait-ft-standard-v-1-1.clar
FNF:0
FNH:0
BRF:0
BRH:0
end_of_record
TN:tests/basic.test.ts__Basic Pool Operations__1.0 Read-Only Functions__should get admin information
SF:/home/rozar/Documents/bitflow/bitflow-stableswap/contracts/stableswap-core-v-1-1.clar
FN:77,get-admins
FN:82,get-admin-helper
FN:87,get-last-pool-id
FN:92,get-pool-by-id
FN:97,get-minimum-total-shares
FN:102,get-minimum-burnt-shares
FN:107,get-public-pool-creation
FN:1540,is-valid-pool
FN:1647,scale-up-amounts
FN:1607,fold-d-for-loop
FN:339,get-d
FN:1578,fold-y-for-loop
FN:324,get-y
FN:1679,scale-down-amounts
FN:112,get-dy
FN:1549,fold-x-for-loop
FN:309,get-x
FN:168,get-dx
FN:224,get-dlp
FN:344,set-minimum-shares
FN:375,set-public-pool-creation
FN:394,set-pool-uri
FN:429,set-pool-status
FN:461,set-midpoint-manager
FN:496,set-fee-address
FN:531,set-midpoint
FN:567,set-midpoint-factor
FN:603,set-midpoint-reversed
FN:635,set-x-fees
FN:671,set-y-fees
FN:707,set-liquidity-fee
FN:742,set-amplification-coefficient
FN:774,set-convergence-threshold
FN:1514,create-symbol
FN:806,create-pool
FN:947,swap-x-for-y
FN:1053,swap-y-for-x
FN:1159,add-liquidity
FN:1315,withdraw-liquidity
FN:1403,add-admin
FN:1509,admin-not-removable
FN:1422,remove-admin
FN:1445,set-pool-uri-multi
FN:1453,set-pool-status-multi
FN:1461,set-fee-address-multi
FN:1469,set-x-fees-multi
FN:1477,set-y-fees-multi
FN:1485,set-liquidity-fee-multi
FN:1493,set-amplification-coefficient-multi
FN:1501,set-convergence-threshold-multi
FNDA:1,get-admin-helper
FNDA:1,get-admins
FNF:50
FNH:2
DA:78,1
DA:83,1
DA:88,0
DA:93,0
DA:98,0
DA:103,0
DA:108,0
DA:117,0
DA:119,0
DA:120,0
DA:121,0
DA:122,0
DA:123,0
DA:124,0
DA:125,0
DA:126,0
DA:127,0
DA:128,0
DA:129,0
DA:130,0
DA:131,0
DA:134,0
DA:135,0
DA:136,0
DA:137,0
DA:138,0
DA:139,0
DA:140,0
DA:141,0
DA:142,0
DA:145,0
DA:146,0
DA:147,0
DA:148,0
DA:151,0
DA:152,0
DA:155,0
DA:156,0
DA:157,0
DA:160,0
DA:163,0
DA:173,0
DA:175,0
DA:176,0
DA:177,0
DA:178,0
DA:179,0
DA:180,0
DA:181,0
DA:182,0
DA:183,0
DA:184,0
DA:185,0
DA:186,0
DA:187,0
DA:190,0
DA:191,0
DA:192,0
DA:193,0
DA:194,0
DA:195,0
DA:196,0
DA:197,0
DA:198,0
DA:201,0
DA:202,0
DA:203,0
DA:204,0
DA:207,0
DA:208,0
DA:211,0
DA:212,0
DA:213,0
DA:216,0
DA:219,0
DA:229,0
DA:231,0
DA:232,0
DA:233,0
DA:234,0
DA:235,0
DA:236,0
DA:237,0
DA:238,0
DA:239,0
DA:240,0
DA:241,0
DA:242,0
DA:243,0
DA:244,0
DA:245,0
DA:248,0
DA:249,0
DA:250,0
DA:251,0
DA:252,0
DA:253,0
DA:254,0
DA:255,0
DA:256,0
DA:259,0
DA:260,0
DA:261,0
DA:262,0
DA:263,0
DA:264,0
DA:267,0
DA:268,0
DA:269,0
DA:270,0
DA:271,0
DA:272,0
DA:273,0
DA:276,0
DA:277,0
DA:278,0
DA:281,0
DA:282,0
DA:283,0
DA:286,0
DA:287,0
DA:288,0
DA:289,0
DA:292,0
DA:293,0
DA:296,0
DA:297,0
DA:298,0
DA:301,0
DA:304,0
DA:310,0
DA:311,0
DA:312,0
DA:313,0
DA:314,0
DA:315,0
DA:316,0
DA:317,0
DA:319,0
DA:325,0
DA:326,0
DA:327,0
DA:328,0
DA:329,0
DA:330,0
DA:331,0
DA:332,0
DA:334,0
DA:340,0
DA:345,0
DA:346,0
DA:348,0
DA:350,0
DA:351,0
DA:354,0
DA:357,0
DA:358,0
DA:361,0
DA:362,0
DA:363,0
DA:364,0
DA:365,0
DA:366,0
DA:369,0
DA:376,0
DA:377,0
DA:379,0
DA:381,0
DA:384,0
DA:387,0
DA:388,0
DA:395,0
DA:397,0
DA:398,0
DA:400,0
DA:402,0
DA:403,0
DA:404,0
DA:407,0
DA:410,0
DA:413,0
DA:414,0
DA:415,0
DA:416,0
DA:417,0
DA:418,0
DA:419,0
DA:420,0
DA:423,0
DA:430,0
DA:432,0
DA:433,0
DA:435,0
DA:437,0
DA:438,0
DA:439,0
DA:442,0
DA:445,0
DA:446,0
DA:447,0
DA:448,0
DA:449,0
DA:450,0
DA:451,0
DA:452,0
DA:455,0
DA:462,0
DA:464,0
DA:465,0
DA:467,0
DA:469,0
DA:470,0
DA:471,0
DA:474,0
DA:477,0
DA:480,0
DA:481,0
DA:482,0
DA:483,0
DA:484,0
DA:485,0
DA:486,0
DA:487,0
DA:490,0
DA:497,0
DA:499,0
DA:500,0
DA:502,0
DA:504,0
DA:505,0
DA:506,0
DA:509,0
DA:512,0
DA:515,0
DA:516,0
DA:517,0
DA:518,0
DA:519,0
DA:520,0
DA:521,0
DA:522,0
DA:525,0
DA:532,0
DA:534,0
DA:535,0
DA:536,0
DA:538,0
DA:540,0
DA:541,0
DA:542,0
DA:545,0
DA:548,0
DA:551,0
DA:552,0
DA:553,0
DA:554,0
DA:555,0
DA:556,0
DA:557,0
DA:558,0
DA:561,0
DA:568,0
DA:570,0
DA:571,0
DA:572,0
DA:574,0
DA:576,0
DA:577,0
DA:578,0
DA:581,0
DA:584,0
DA:587,0
DA:588,0
DA:589,0
DA:590,0
DA:591,0
DA:592,0
DA:593,0
DA:594,0
DA:597,0
DA:604,0
DA:606,0
DA:607,0
DA:609,0
DA:611,0
DA:612,0
DA:613,0
DA:616,0
DA:619,0
DA:620,0
DA:621,0
DA:622,0
DA:623,0
DA:624,0
DA:625,0
DA:626,0
DA:629,0
DA:636,0
DA:638,0
DA:639,0
DA:641,0
DA:643,0
DA:644,0
DA:645,0
DA:648,0
DA:651,0
DA:654,0
DA:655,0
DA:656,0
DA:657,0
DA:658,0
DA:659,0
DA:660,0
DA:661,0
DA:662,0
DA:665,0
DA:672,0
DA:674,0
DA:675,0
DA:677,0
DA:679,0
DA:680,0
DA:681,0
DA:684,0
DA:687,0
DA:690,0
DA:691,0
DA:692,0
DA:693,0
DA:694,0
DA:695,0
DA:696,0
DA:697,0
DA:698,0
DA:701,0
DA:708,0
DA:710,0
DA:711,0
DA:713,0
DA:715,0
DA:716,0
DA:717,0
DA:720,0
DA:723,0
DA:726,0
DA:727,0
DA:728,0
DA:729,0
DA:730,0
DA:731,0
DA:732,0
DA:733,0
DA:736,0
DA:743,0
DA:745,0
DA:746,0
DA:748,0
DA:750,0
DA:751,0
DA:752,0
DA:755,0
DA:758,0
DA:759,0
DA:760,0
DA:761,0
DA:762,0
DA:763,0
DA:764,0
DA:765,0
DA:768,0
DA:775,0
DA:777,0
DA:778,0
DA:780,0
DA:782,0
DA:783,0
DA:784,0
DA:787,0
DA:790,0
DA:791,0
DA:792,0
DA:793,0
DA:794,0
DA:795,0
DA:796,0
DA:797,0
DA:800,0
DA:819,0
DA:821,0
DA:822,0
DA:825,0
DA:826,0
DA:827,0
DA:828,0
DA:829,0
DA:832,0
DA:833,0
DA:834,0
DA:835,0
DA:836,0
DA:837,0
DA:839,0
DA:841,0
DA:844,0
DA:847,0
DA:850,0
DA:851,0
DA:852,0
DA:855,0
DA:858,0
DA:861,0
DA:864,0
DA:867,0
DA:870,0
DA:871,0
DA:872,0
DA:875,0
DA:876,0
DA:879,0
DA:880,0
DA:881,0
DA:884,0
DA:885,0
DA:886,0
DA:887,0
DA:888,0
DA:889,0
DA:890,0
DA:893,0
DA:894,0
DA:897,0
DA:898,0
DA:901,0
DA:904,0
DA:907,0
DA:910,0
DA:911,0
DA:912,0
DA:913,0
DA:914,0
DA:915,0
DA:916,0
DA:917,0
DA:918,0
DA:919,0
DA:920,0
DA:921,0
DA:922,0
DA:923,0
DA:924,0
DA:925,0
DA:926,0
DA:927,0
DA:928,0
DA:929,0
DA:930,0
DA:931,0
DA:932,0
DA:933,0
DA:934,0
DA:935,0
DA:936,0
DA:937,0
DA:938,0
DA:941,0
DA:952,0
DA:954,0
DA:955,0
DA:956,0
DA:957,0
DA:958,0
DA:959,0
DA:960,0
DA:961,0
DA:962,0
DA:963,0
DA:964,0
DA:965,0
DA:966,0
DA:967,0
DA:968,0
DA:971,0
DA:972,0
DA:973,0
DA:974,0
DA:975,0
DA:976,0
DA:977,0
DA:978,0
DA:979,0
DA:980,0
DA:983,0
DA:984,0
DA:985,0
DA:986,0
DA:989,0
DA:990,0
DA:991,0
DA:992,0
DA:993,0
DA:994,0
DA:995,0
DA:996,0
DA:997,0
DA:999,0
DA:1001,0
DA:1002,0
DA:1003,0
DA:1006,0
DA:1009,0
DA:1010,0
DA:1013,0
DA:1016,0
DA:1019,0
DA:1020,0
DA:1021,0
DA:1025,0
DA:1028,0
DA:1029,0
DA:1030,0
DA:1031,0
DA:1032,0
DA:1033,0
DA:1034,0
DA:1035,0
DA:1036,0
DA:1037,0
DA:1038,0
DA:1039,0
DA:1040,0
DA:1041,0
DA:1042,0
DA:1043,0
DA:1044,0
DA:1047,0
DA:1058,0
DA:1060,0
DA:1061,0
DA:1062,0
DA:1063,0
DA:1064,0
DA:1065,0
DA:1066,0
DA:1067,0
DA:1068,0
DA:1069,0
DA:1070,0
DA:1071,0
DA:1072,0
DA:1073,0
DA:1074,0
DA:1077,0
DA:1078,0
DA:1079,0
DA:1080,0
DA:1081,0
DA:1082,0
DA:1083,0
DA:1084,0
DA:1085,0
DA:1086,0
DA:1089,0
DA:1090,0
DA:1091,0
DA:1092,0
DA:1095,0
DA:1096,0
DA:1097,0
DA:1098,0
DA:1099,0
DA:1100,0
DA:1101,0
DA:1102,0
DA:1103,0
DA:1105,0
DA:1107,0
DA:1108,0
DA:1109,0
DA:1112,0
DA:1115,0
DA:1116,0
DA:1119,0
DA:1122,0
DA:1125,0
DA:1126,0
DA:1127,0
DA:1131,0
DA:1134,0
DA:1135,0
DA:1136,0
DA:1137,0
DA:1138,0
DA:1139,0
DA:1140,0
DA:1141,0
DA:1142,0
DA:1143,0
DA:1144,0
DA:1145,0
DA:1146,0
DA:1147,0
DA:1148,0
DA:1149,0
DA:1150,0
DA:1153,0
DA:1164,0
DA:1166,0
DA:1167,0
DA:1168,0
DA:1169,0
DA:1170,0
DA:1171,0
DA:1172,0
DA:1173,0
DA:1174,0
DA:1175,0
DA:1176,0
DA:1177,0
DA:1178,0
DA:1179,0
DA:1180,0
DA:1181,0
DA:1182,0
DA:1185,0
DA:1186,0
DA:1187,0
DA:1188,0
DA:1189,0
DA:1190,0
DA:1191,0
DA:1192,0
DA:1193,0
DA:1196,0
DA:1197,0
DA:1198,0
DA:1199,0
DA:1200,0
DA:1201,0
DA:1204,0
DA:1205,0
DA:1206,0
DA:1207,0
DA:1208,0
DA:1209,0
DA:1210,0
DA:1211,0
DA:1212,0
DA:1215,0
DA:1216,0
DA:1217,0
DA:1218,0
DA:1219,0
DA:1220,0
DA:1221,0
DA:1222,0
DA:1223,0
DA:1226,0
DA:1227,0
DA:1228,0
DA:1231,0
DA:1232,0
DA:1233,0
DA:1234,0
DA:1237,0
DA:1238,0
DA:1240,0
DA:1242,0
DA:1244,0
DA:1245,0
DA:1246,0
DA:1249,0
DA:1252,0
DA:1253,0
DA:1256,0
DA:1257,0
DA:1258,0
DA:1262,0
DA:1263,0
DA:1264,0
DA:1268,0
DA:1269,0
DA:1270,0
DA:1274,0
DA:1275,0
DA:1276,0
DA:1280,0
DA:1283,0
DA:1286,0
DA:1287,0
DA:1288,0
DA:1289,0
DA:1290,0
DA:1291,0
DA:1292,0
DA:1293,0
DA:1294,0
DA:1295,0
DA:1296,0
DA:1297,0
DA:1298,0
DA:1299,0
DA:1300,0
DA:1301,0
DA:1302,0
DA:1303,0
DA:1304,0
DA:1305,0
DA:1306,0
DA:1309,0
DA:1320,0
DA:1322,0
DA:1323,0
DA:1324,0
DA:1325,0
DA:1326,0
DA:1327,0
DA:1328,0
DA:1329,0
DA:1330,0
DA:1333,0
DA:1334,0
DA:1335,0
DA:1336,0
DA:1339,0
DA:1340,0
DA:1341,0
DA:1342,0
DA:1343,0
DA:1345,0
DA:1347,0
DA:1348,0
DA:1351,0
DA:1354,0
DA:1357,0
DA:1360,0
DA:1363,0
DA:1364,0
DA:1365,0
DA:1369,0
DA:1370,0
DA:1371,0
DA:1375,0
DA:1378,0
DA:1381,0
DA:1382,0
DA:1383,0
DA:1384,0
DA:1385,0
DA:1386,0
DA:1387,0
DA:1388,0
DA:1389,0
DA:1390,0
DA:1391,0
DA:1392,0
DA:1393,0
DA:1394,0
DA:1397,0
DA:1404,0
DA:1405,0
DA:1406,0
DA:1409,0
DA:1410,0
DA:1413,0
DA:1416,0
DA:1417,0
DA:1423,0
DA:1424,0
DA:1425,0
DA:1428,0
DA:1429,0
DA:1432,0
DA:1435,0
DA:1436,0
DA:1439,0
DA:1440,0
DA:1449,0
DA:1457,0
DA:1465,0
DA:1473,0
DA:1481,0
DA:1489,0
DA:1497,0
DA:1505,0
DA:1510,0
DA:1515,0
DA:1517,0
DA:1518,0
DA:1521,0
DA:1522,0
DA:1523,0
DA:1524,0
DA:1527,0
DA:1528,0
DA:1529,0
DA:1530,0
DA:1535,0
DA:1541,0
DA:1542,0
DA:1544,0
DA:1550,0
DA:1551,0
DA:1552,0
DA:1553,0
DA:1554,0
DA:1555,0
DA:1556,0
DA:1557,0
DA:1558,0
DA:1559,0
DA:1561,0
DA:1562,0
DA:1563,0
DA:1564,0
DA:1565,0
DA:1567,0
DA:1568,0
DA:1569,0
DA:1572,0
DA:1579,0
DA:1580,0
DA:1581,0
DA:1582,0
DA:1583,0
DA:1584,0
DA:1585,0
DA:1586,0
DA:1587,0
DA:1588,0
DA:1590,0
DA:1591,0
DA:1592,0
DA:1593,0
DA:1594,0
DA:1596,0
DA:1597,0
DA:1598,0
DA:1601,0
DA:1608,0
DA:1610,0
DA:1611,0
DA:1612,0
DA:1613,0
DA:1614,0
DA:1615,0
DA:1616,0
DA:1617,0
DA:1621,0
DA:1624,0
DA:1625,0
DA:1626,0
DA:1627,0
DA:1630,0
DA:1631,0
DA:1632,0
DA:1633,0
DA:1634,0
DA:1636,0
DA:1637,0
DA:1638,0
DA:1641,0
DA:1648,0
DA:1650,0
DA:1651,0
DA:1654,0
DA:1655,0
DA:1656,0
DA:1657,0
DA:1658,0
DA:1659,0
DA:1663,0
DA:1664,0
DA:1665,0
DA:1666,0
DA:1667,0
DA:1668,0
DA:1674,0
DA:1680,0
DA:1682,0
DA:1683,0
DA:1686,0
DA:1687,0
DA:1688,0
DA:1689,0
DA:1690,0
DA:1691,0
DA:1695,0
DA:1696,0
DA:1697,0
DA:1698,0
DA:1699,0
DA:1700,0
DA:1706,0
BRF:235
BRH:0
BRDA:120,1569,0,0
BRDA:145,1713,0,0
BRDA:145,1713,1,0
BRDA:146,1720,0,0
BRDA:146,1720,1,0
BRDA:155,1760,0,0
BRDA:156,1770,0,0
BRDA:157,1779,0,0
BRDA:160,1788,0,0
BRDA:160,1790,0,0
BRDA:160,1790,1,0
BRDA:176,2148,0,0
BRDA:201,2292,0,0
BRDA:201,2292,1,0
BRDA:202,2299,0,0
BRDA:202,2299,1,0
BRDA:211,2339,0,0
BRDA:212,2349,0,0
BRDA:213,2358,0,0
BRDA:216,2367,0,0
BRDA:216,2369,0,0
BRDA:216,2369,1,0
BRDA:232,2419,0,0
BRDA:263,2605,0,0
BRDA:263,2605,1,0
BRDA:264,2621,0,0
BRDA:264,2621,1,0
BRDA:269,2655,0,0
BRDA:269,2655,1,0
BRDA:270,2665,0,0
BRDA:270,2665,1,0
BRDA:281,2713,0,0
BRDA:281,2713,1,0
BRDA:282,2720,0,0
BRDA:282,2720,1,0
BRDA:292,2768,0,0
BRDA:296,2787,0,0
BRDA:297,2797,0,0
BRDA:298,2806,0,0
BRDA:301,2815,0,0
BRDA:350,2846,0,0
BRDA:351,2857,0,0
BRDA:351,2859,0,0
BRDA:351,2859,1,0
BRDA:354,2870,0,0
BRDA:381,2923,0,0
BRDA:402,2987,0,0
BRDA:403,2998,0,0
BRDA:404,3010,0,0
BRDA:407,3020,0,0
BRDA:437,3100,0,0
BRDA:438,3111,0,0
BRDA:439,3123,0,0
BRDA:469,3204,0,0
BRDA:470,3215,0,0
BRDA:471,3227,0,0
BRDA:474,3237,0,0
BRDA:504,3314,0,0
BRDA:505,3325,0,0
BRDA:506,3337,0,0
BRDA:509,3347,0,0
BRDA:540,3430,0,0
BRDA:540,3432,0,0
BRDA:540,3432,1,0
BRDA:541,3447,0,0
BRDA:542,3459,0,0
BRDA:545,3469,0,0
BRDA:576,3553,0,0
BRDA:576,3555,0,0
BRDA:576,3555,1,0
BRDA:577,3570,0,0
BRDA:578,3582,0,0
BRDA:581,3592,0,0
BRDA:611,3670,0,0
BRDA:612,3681,0,0
BRDA:613,3693,0,0
BRDA:643,3777,0,0
BRDA:644,3788,0,0
BRDA:645,3800,0,0
BRDA:648,3810,0,0
BRDA:679,3898,0,0
BRDA:680,3909,0,0
BRDA:681,3921,0,0
BRDA:684,3931,0,0
BRDA:715,4016,0,0
BRDA:716,4027,0,0
BRDA:717,4039,0,0
BRDA:720,4049,0,0
BRDA:750,4127,0,0
BRDA:751,4138,0,0
BRDA:752,4150,0,0
BRDA:782,4231,0,0
BRDA:783,4242,0,0
BRDA:784,4254,0,0
BRDA:841,4532,0,0
BRDA:841,4534,0,0
BRDA:841,4534,1,0
BRDA:844,4548,0,0
BRDA:847,4558,0,0
BRDA:850,4567,0,0
BRDA:851,4573,0,0
BRDA:852,4579,0,0
BRDA:855,4585,0,0
BRDA:855,4587,0,0
BRDA:855,4587,1,0
BRDA:858,4598,0,0
BRDA:861,4605,0,0
BRDA:864,4614,0,0
BRDA:867,4621,0,0
BRDA:870,4631,0,0
BRDA:871,4640,0,0
BRDA:872,4649,0,0
BRDA:875,4658,0,0
BRDA:876,4665,0,0
BRDA:879,4672,0,0
BRDA:880,4682,0,0
BRDA:881,4692,0,0
BRDA:955,4956,0,0
BRDA:983,5118,0,0
BRDA:983,5118,1,0
BRDA:984,5125,0,0
BRDA:984,5125,1,0
BRDA:1001,5218,0,0
BRDA:1002,5228,0,0
BRDA:1003,5237,0,0
BRDA:1006,5246,0,0
BRDA:1006,5248,0,0
BRDA:1006,5248,1,0
BRDA:1009,5262,0,0
BRDA:1010,5269,0,0
BRDA:1020,5295,0,0
BRDA:1021,5295,1,0
BRDA:1061,5419,0,0
BRDA:1089,5581,0,0
BRDA:1089,5581,1,0
BRDA:1090,5588,0,0
BRDA:1090,5588,1,0
BRDA:1107,5681,0,0
BRDA:1108,5691,0,0
BRDA:1109,5700,0,0
BRDA:1112,5709,0,0
BRDA:1112,5711,0,0
BRDA:1112,5711,1,0
BRDA:1115,5725,0,0
BRDA:1116,5732,0,0
BRDA:1126,5758,0,0
BRDA:1127,5758,1,0
BRDA:1167,5885,0,0
BRDA:1200,6082,0,0
BRDA:1200,6082,1,0
BRDA:1201,6098,0,0
BRDA:1201,6098,1,0
BRDA:1206,6132,0,0
BRDA:1206,6132,1,0
BRDA:1207,6142,0,0
BRDA:1207,6142,1,0
BRDA:1226,6244,0,0
BRDA:1226,6244,1,0
BRDA:1227,6251,0,0
BRDA:1227,6251,1,0
BRDA:1237,6299,0,0
BRDA:1244,6323,0,0
BRDA:1245,6333,0,0
BRDA:1246,6342,0,0
BRDA:1249,6351,0,0
BRDA:1252,6361,0,0
BRDA:1253,6368,0,0
BRDA:1257,6375,0,0
BRDA:1258,6375,1,0
BRDA:1263,6392,0,0
BRDA:1264,6392,1,0
BRDA:1269,6409,0,0
BRDA:1270,6409,1,0
BRDA:1275,6426,0,0
BRDA:1276,6426,1,0
BRDA:1323,6570,0,0
BRDA:1347,6687,0,0
BRDA:1348,6696,0,0
BRDA:1351,6705,0,0
BRDA:1354,6712,0,0
BRDA:1357,6722,0,0
BRDA:1360,6729,0,0
BRDA:1364,6736,0,0
BRDA:1365,6736,1,0
BRDA:1370,6752,0,0
BRDA:1371,6752,1,0
BRDA:1409,6865,0,0
BRDA:1410,6874,0,0
BRDA:1428,6949,0,0
BRDA:1429,6958,0,0
BRDA:1432,6967,0,0
BRDA:1523,4339,0,0
BRDA:1524,4339,1,0
BRDA:1529,4357,0,0
BRDA:1530,4357,1,0
BRDA:1562,1902,0,0
BRDA:1563,1908,0,0
BRDA:1567,1908,1,0
BRDA:1572,1902,1,0
BRDA:1591,1228,0,0
BRDA:1592,1234,0,0
BRDA:1596,1234,1,0
BRDA:1601,1228,1,0
BRDA:1631,973,0,0
BRDA:1632,979,0,0
BRDA:1636,979,1,0
BRDA:1641,973,1,0
BRDA:1656,772,0,0
BRDA:1657,772,1,0
BRDA:1658,779,0,0
BRDA:1659,779,1,0
BRDA:1665,798,0,0
BRDA:1666,798,1,0
BRDA:1667,805,0,0
BRDA:1668,805,1,0
BRDA:1688,1481,0,0
BRDA:1689,1481,1,0
BRDA:1690,1488,0,0
BRDA:1691,1488,1,0
BRDA:1697,1507,0,0
BRDA:1698,1507,1,0
BRDA:1699,1514,0,0
BRDA:1700,1514,1,0
end_of_record
TN:tests/basic.test.ts__Basic Pool Operations__1.0 Read-Only Functions__should get admin information
SF:/home/rozar/Documents/bitflow/bitflow-stableswap/contracts/stableswap-emissions-stx-ststx-stx-v-1-1.clar
FN:43,get-deployment-height
FN:47,get-current-cycle
FN:51,get-cycle-from-height
FN:55,get-starting-height-from-cycle
FN:59,get-admins
FN:63,get-admin-helper
FN:67,get-claim-status
FN:71,get-total-unclaimed-rewards
FN:75,get-rewards-expiration
FN:79,get-cycle
FN:83,get-user-at-cycle
FN:309,get-external-user-data
FN:319,get-external-cycle-data
FN:87,get-user-rewards-at-cycle
FN:107,add-admin
FN:295,admin-not-removable
FN:120,remove-admin
FN:137,set-claim-status
FN:150,set-rewards-expiration
FN:163,set-rewards
FN:190,clear-expired-rewards
FN:299,transfer-rewards-token
FN:217,withdraw-rewards
FN:238,claim-rewards
FN:283,set-rewards-multi
FN:287,clear-expired-rewards-multi
FN:291,claim-rewards-multi
FNF:27
FNH:0
BRF:0
BRH:0
end_of_record
TN:tests/basic.test.ts__Basic Pool Operations__1.0 Read-Only Functions__should get admin information
SF:/home/rozar/Documents/bitflow/bitflow-stableswap/contracts/stableswap-pool-stx-ststx-v-1-1.clar
FN:63,get-name
FN:68,get-symbol
FN:73,get-decimals
FN:78,get-token-uri
FN:83,get-total-supply
FN:88,get-balance
FN:93,get-pool
FN:126,set-pool-uri
FN:140,set-pool-status
FN:154,set-midpoint-manager
FN:168,set-fee-address
FN:182,set-midpoint
FN:196,set-midpoint-factor
FN:210,set-midpoint-reversed
FN:224,set-x-fees
FN:239,set-y-fees
FN:254,set-liquidity-fee
FN:268,set-amplification-coefficient
FN:282,set-convergence-threshold
FN:296,update-pool-balances
FN:315,transfer
FN:350,pool-transfer
FN:377,pool-mint
FN:400,pool-burn
FN:423,create-pool
FNF:25
FNH:0
BRF:0
BRH:0
end_of_record
TN:tests/basic.test.ts__Basic Pool Operations__1.0 Read-Only Functions__should get admin information
SF:/home/rozar/Documents/bitflow/bitflow-stableswap/contracts/stableswap-pool-trait-v-1-1.clar
FNF:0
FNH:0
BRF:0
BRH:0
end_of_record
TN:tests/basic.test.ts__Basic Pool Operations__1.0 Read-Only Functions__should get admin information
SF:/home/rozar/Documents/bitflow/bitflow-stableswap/contracts/stableswap-staking-stx-ststx-v-1-1.clar
FN:60,get-deployment-height
FN:64,get-current-cycle
FN:68,get-cycle-from-height
FN:72,get-starting-height-from-cycle
FN:76,get-admins
FN:80,get-admin-helper
FN:84,get-helper-value
FN:88,get-helper-list
FN:92,get-staking-status
FN:96,get-early-unstake-status
FN:100,get-early-unstake-fee-address
FN:104,get-early-unstake-fee
FN:108,get-total-lp-staked
FN:112,get-lp-staked-at-cycle
FN:116,get-user
FN:120,get-user-at-cycle
FN:124,add-admin
FN:352,admin-not-removable
FN:137,remove-admin
FN:154,set-staking-status
FN:167,set-early-unstake-status
FN:180,set-early-unstake-fee-address
FN:193,set-early-unstake-fee
FN:356,filter-cycles-list
FN:377,map-filtered-cycles-list
FN:363,filter-next-cycles-list
FN:456,transfer-lp-token
FN:381,fold-user-data-per-cycle
FN:206,stake-lp-tokens
FN:370,filter-unstaked-cycles-list
FN:406,fold-cycles-to-unstakeable-cycles
FN:271,unstake-lp-tokens
FN:432,fold-early-unstake-per-cycle
FN:308,early-unstake-lp-tokens
FNF:34
FNH:0
BRF:0
BRH:0
end_of_record
TN:tests/basic.test.ts__Basic Pool Operations__1.0 Read-Only Functions__should get admin information
SF:/home/rozar/Documents/bitflow/bitflow-stableswap/contracts/external/token-ststx.clar
FN:9,get-total-supply
FN:13,get-name
FN:17,get-symbol
FN:21,get-decimals
FN:25,get-balance
FN:29,get-balance-simple
FN:34,get-token-uri
FN:38,transfer
FN:52,mint
FN:58,burn
FNF:10
FNH:0
BRF:0
BRH:0
end_of_record
TN:tests/basic.test.ts__Basic Pool Operations__1.0 Read-Only Functions__should get admin information
SF:/home/rozar/Documents/bitflow/bitflow-stableswap/contracts/token-stx-v-1-1.clar
FN:14,get-name
FN:18,get-symbol
FN:22,get-decimals
FN:26,get-total-supply
FN:30,get-balance
FN:34,get-token-uri
FN:38,get-contract-owner
FN:42,set-token-uri
FN:56,set-contract-owner
FN:70,transfer
FNF:10
FNH:0
BRF:0
BRH:0
end_of_record
TN:tests/basic.test.ts__Basic Pool Operations__1.0 Read-Only Functions__should get pool configuration
SF:/home/rozar/Documents/bitflow/bitflow-stableswap/contracts/sip-010-trait-ft-standard-v-1-1.clar
FNF:0
FNH:0
BRF:0
BRH:0
end_of_record
TN:tests/basic.test.ts__Basic Pool Operations__1.0 Read-Only Functions__should get pool configuration
SF:/home/rozar/Documents/bitflow/bitflow-stableswap/contracts/stableswap-core-v-1-1.clar
FN:77,get-admins
FN:82,get-admin-helper
FN:87,get-last-pool-id
FN:92,get-pool-by-id
FN:97,get-minimum-total-shares
FN:102,get-minimum-burnt-shares
FN:107,get-public-pool-creation
FN:1540,is-valid-pool
FN:1647,scale-up-amounts
FN:1607,fold-d-for-loop
FN:339,get-d
FN:1578,fold-y-for-loop
FN:324,get-y
FN:1679,scale-down-amounts
FN:112,get-dy
FN:1549,fold-x-for-loop
FN:309,get-x
FN:168,get-dx
FN:224,get-dlp
FN:344,set-minimum-shares
FN:375,set-public-pool-creation
FN:394,set-pool-uri
FN:429,set-pool-status
FN:461,set-midpoint-manager
FN:496,set-fee-address
FN:531,set-midpoint
FN:567,set-midpoint-factor
FN:603,set-midpoint-reversed
FN:635,set-x-fees
FN:671,set-y-fees
FN:707,set-liquidity-fee
FN:742,set-amplification-coefficient
FN:774,set-convergence-threshold
FN:1514,create-symbol
FN:806,create-pool
FN:947,swap-x-for-y
FN:1053,swap-y-for-x
FN:1159,add-liquidity
FN:1315,withdraw-liquidity
FN:1403,add-admin
FN:1509,admin-not-removable
FN:1422,remove-admin
FN:1445,set-pool-uri-multi
FN:1453,set-pool-status-multi
FN:1461,set-fee-address-multi
FN:1469,set-x-fees-multi
FN:1477,set-y-fees-multi
FN:1485,set-liquidity-fee-multi
FN:1493,set-amplification-coefficient-multi
FN:1501,set-convergence-threshold-multi
FNDA:1,get-last-pool-id
FNDA:1,get-minimum-burnt-shares
FNDA:1,get-minimum-total-shares
FNDA:1,get-pool-by-id
FNDA:1,get-public-pool-creation
FNF:50
FNH:5
DA:78,0
DA:83,0
DA:88,1
DA:93,1
DA:98,1
DA:103,1
DA:108,1
DA:117,0
DA:119,0
DA:120,0
DA:121,0
DA:122,0
DA:123,0
DA:124,0
DA:125,0
DA:126,0
DA:127,0
DA:128,0
DA:129,0
DA:130,0
DA:131,0
DA:134,0
DA:135,0
DA:136,0
DA:137,0
DA:138,0
DA:139,0
DA:140,0
DA:141,0
DA:142,0
DA:145,0
DA:146,0
DA:147,0
DA:148,0
DA:151,0
DA:152,0
DA:155,0
DA:156,0
DA:157,0
DA:160,0
DA:163,0
DA:173,0
DA:175,0
DA:176,0
DA:177,0
DA:178,0
DA:179,0
DA:180,0
DA:181,0
DA:182,0
DA:183,0
DA:184,0
DA:185,0
DA:186,0
DA:187,0
DA:190,0
DA:191,0
DA:192,0
DA:193,0
DA:194,0
DA:195,0
DA:196,0
DA:197,0
DA:198,0
DA:201,0
DA:202,0
DA:203,0
DA:204,0
DA:207,0
DA:208,0
DA:211,0
DA:212,0
DA:213,0
DA:216,0
DA:219,0
DA:229,0
DA:231,0
DA:232,0
DA:233,0
DA:234,0
DA:235,0
DA:236,0
DA:237,0
DA:238,0
DA:239,0
DA:240,0
DA:241,0
DA:242,0
DA:243,0
DA:244,0
DA:245,0
DA:248,0
DA:249,0
DA:250,0
DA:251,0
DA:252,0
DA:253,0
DA:254,0
DA:255,0
DA:256,0
DA:259,0
DA:260,0
DA:261,0
DA:262,0
DA:263,0
DA:264,0
DA:267,0
DA:268,0
DA:269,0
DA:270,0
DA:271,0
DA:272,0
DA:273,0
DA:276,0
DA:277,0
DA:278,0
DA:281,0
DA:282,0
DA:283,0
DA:286,0
DA:287,0
DA:288,0
DA:289,0
DA:292,0
DA:293,0
DA:296,0
DA:297,0
DA:298,0
DA:301,0
DA:304,0
DA:310,0
DA:311,0
DA:312,0
DA:313,0
DA:314,0
DA:315,0
DA:316,0
DA:317,0
DA:319,0
DA:325,0
DA:326,0
DA:327,0
DA:328,0
DA:329,0
DA:330,0
DA:331,0
DA:332,0
DA:334,0
DA:340,0
DA:345,0
DA:346,0
DA:348,0
DA:350,0
DA:351,0
DA:354,0
DA:357,0
DA:358,0
DA:361,0
DA:362,0
DA:363,0
DA:364,0
DA:365,0
DA:366,0
DA:369,0
DA:376,0
DA:377,0
DA:379,0
DA:381,0
DA:384,0
DA:387,0
DA:388,0
DA:395,0
DA:397,0
DA:398,0
DA:400,0
DA:402,0
DA:403,0
DA:404,0
DA:407,0
DA:410,0
DA:413,0
DA:414,0
DA:415,0
DA:416,0
DA:417,0
DA:418,0
DA:419,0
DA:420,0
DA:423,0
DA:430,0
DA:432,0
DA:433,0
DA:435,0
DA:437,0
DA:438,0
DA:439,0
DA:442,0
DA:445,0
DA:446,0
DA:447,0
DA:448,0
DA:449,0
DA:450,0
DA:451,0
DA:452,0
DA:455,0
DA:462,0
DA:464,0
DA:465,0
DA:467,0
DA:469,0
DA:470,0
DA:471,0
DA:474,0
DA:477,0
DA:480,0
DA:481,0
DA:482,0
DA:483,0
DA:484,0
DA:485,0
DA:486,0
DA:487,0
DA:490,0
DA:497,0
DA:499,0
DA:500,0
DA:502,0
DA:504,0
DA:505,0
DA:506,0
DA:509,0
DA:512,0
DA:515,0
DA:516,0
DA:517,0
DA:518,0
DA:519,0
DA:520,0
DA:521,0
DA:522,0
DA:525,0
DA:532,0
DA:534,0
DA:535,0
DA:536,0
DA:538,0
DA:540,0
DA:541,0
DA:542,0
DA:545,0
DA:548,0
DA:551,0
DA:552,0
DA:553,0
DA:554,0
DA:555,0
DA:556,0
DA:557,0
DA:558,0
DA:561,0
DA:568,0
DA:570,0
DA:571,0
DA:572,0
DA:574,0
DA:576,0
DA:577,0
DA:578,0
DA:581,0
DA:584,0
DA:587,0
DA:588,0
DA:589,0
DA:590,0
DA:591,0
DA:592,0
DA:593,0
DA:594,0
DA:597,0
DA:604,0
DA:606,0
DA:607,0
DA:609,0
DA:611,0
DA:612,0
DA:613,0
DA:616,0
DA:619,0
DA:620,0
DA:621,0
DA:622,0
DA:623,0
DA:624,0
DA:625,0
DA:626,0
DA:629,0
DA:636,0
DA:638,0
DA:639,0
DA:641,0
DA:643,0
DA:644,0
DA:645,0
DA:648,0
DA:651,0
DA:654,0
DA:655,0
DA:656,0
DA:657,0
DA:658,0
DA:659,0
DA:660,0
DA:661,0
DA:662,0
DA:665,0
DA:672,0
DA:674,0
DA:675,0
DA:677,0
DA:679,0
DA:680,0
DA:681,0
DA:684,0
DA:687,0
DA:690,0
DA:691,0
DA:692,0
DA:693,0
DA:694,0
DA:695,0
DA:696,0
DA:697,0
DA:698,0
DA:701,0
DA:708,0
DA:710,0
DA:711,0
DA:713,0
DA:715,0
DA:716,0
DA:717,0
DA:720,0
DA:723,0
DA:726,0
DA:727,0
DA:728,0
DA:729,0
DA:730,0
DA:731,0
DA:732,0
DA:733,0
DA:736,0
DA:743,0
DA:745,0
DA:746,0
DA:748,0
DA:750,0
DA:751,0
DA:752,0
DA:755,0
DA:758,0
DA:759,0
DA:760,0
DA:761,0
DA:762,0
DA:763,0
DA:764,0
DA:765,0
DA:768,0
DA:775,0
DA:777,0
DA:778,0
DA:780,0
DA:782,0
DA:783,0
DA:784,0
DA:787,0
DA:790,0
DA:791,0
DA:792,0
DA:793,0
DA:794,0
DA:795,0
DA:796,0
DA:797,0
DA:800,0
DA:819,0
DA:821,0
DA:822,0
DA:825,0
DA:826,0
DA:827,0
DA:828,0
DA:829,0
DA:832,0
DA:833,0
DA:834,0
DA:835,0
DA:836,0
DA:837,0
DA:839,0
DA:841,0
DA:844,0
DA:847,0
DA:850,0
DA:851,0
DA:852,0
DA:855,0
DA:858,0
DA:861,0
DA:864,0
DA:867,0
DA:870,0
DA:871,0
DA:872,0
DA:875,0
DA:876,0
DA:879,0
DA:880,0
DA:881,0
DA:884,0
DA:885,0
DA:886,0
DA:887,0
DA:888,0
DA:889,0
DA:890,0
DA:893,0
DA:894,0
DA:897,0
DA:898,0
DA:901,0
DA:904,0
DA:907,0
DA:910,0
DA:911,0
DA:912,0
DA:913,0
DA:914,0
DA:915,0
DA:916,0
DA:917,0
DA:918,0
DA:919,0
DA:920,0
DA:921,0
DA:922,0
DA:923,0
DA:924,0
DA:925,0
DA:926,0
DA:927,0
DA:928,0
DA:929,0
DA:930,0
DA:931,0
DA:932,0
DA:933,0
DA:934,0
DA:935,0
DA:936,0
DA:937,0
DA:938,0
DA:941,0
DA:952,0
DA:954,0
DA:955,0
DA:956,0
DA:957,0
DA:958,0
DA:959,0
DA:960,0
DA:961,0
DA:962,0
DA:963,0
DA:964,0
DA:965,0
DA:966,0
DA:967,0
DA:968,0
DA:971,0
DA:972,0
DA:973,0
DA:974,0
DA:975,0
DA:976,0
DA:977,0
DA:978,0
DA:979,0
DA:980,0
DA:983,0
DA:984,0
DA:985,0
DA:986,0
DA:989,0
DA:990,0
DA:991,0
DA:992,0
DA:993,0
DA:994,0
DA:995,0
DA:996,0
DA:997,0
DA:999,0
DA:1001,0
DA:1002,0
DA:1003,0
DA:1006,0
DA:1009,0
DA:1010,0
DA:1013,0
DA:1016,0
DA:1019,0
DA:1020,0
DA:1021,0
DA:1025,0
DA:1028,0
DA:1029,0
DA:1030,0
DA:1031,0
DA:1032,0
DA:1033,0
DA:1034,0
DA:1035,0
DA:1036,0
DA:1037,0
DA:1038,0
DA:1039,0
DA:1040,0
DA:1041,0
DA:1042,0
DA:1043,0
DA:1044,0
DA:1047,0
DA:1058,0
DA:1060,0
DA:1061,0
DA:1062,0
DA:1063,0
DA:1064,0
DA:1065,0
DA:1066,0
DA:1067,0
DA:1068,0
DA:1069,0
DA:1070,0
DA:1071,0
DA:1072,0
DA:1073,0
DA:1074,0
DA:1077,0
DA:1078,0
DA:1079,0
DA:1080,0
DA:1081,0
DA:1082,0
DA:1083,0
DA:1084,0
DA:1085,0
DA:1086,0
DA:1089,0
DA:1090,0
DA:1091,0
DA:1092,0
DA:1095,0
DA:1096,0
DA:1097,0
DA:1098,0
DA:1099,0
DA:1100,0
DA:1101,0
DA:1102,0
DA:1103,0
DA:1105,0
DA:1107,0
DA:1108,0
DA:1109,0
DA:1112,0
DA:1115,0
DA:1116,0
DA:1119,0
DA:1122,0
DA:1125,0
DA:1126,0
DA:1127,0
DA:1131,0
DA:1134,0
DA:1135,0
DA:1136,0
DA:1137,0
DA:1138,0
DA:1139,0
DA:1140,0
DA:1141,0
DA:1142,0
DA:1143,0
DA:1144,0
DA:1145,0
DA:1146,0
DA:1147,0
DA:1148,0
DA:1149,0
DA:1150,0
DA:1153,0
DA:1164,0
DA:1166,0
DA:1167,0
DA:1168,0
DA:1169,0
DA:1170,0
DA:1171,0
DA:1172,0
DA:1173,0
DA:1174,0
DA:1175,0
DA:1176,0
DA:1177,0
DA:1178,0
DA:1179,0
DA:1180,0
DA:1181,0
DA:1182,0
DA:1185,0
DA:1186,0
DA:1187,0
DA:1188,0
DA:1189,0
DA:1190,0
DA:1191,0
DA:1192,0
DA:1193,0
DA:1196,0
DA:1197,0
DA:1198,0
DA:1199,0
DA:1200,0
DA:1201,0
DA:1204,0
DA:1205,0
DA:1206,0
DA:1207,0
DA:1208,0
DA:1209,0
DA:1210,0
DA:1211,0
DA:1212,0
DA:1215,0
DA:1216,0
DA:1217,0
DA:1218,0
DA:1219,0
DA:1220,0
DA:1221,0
DA:1222,0
DA:1223,0
DA:1226,0
DA:1227,0
DA:1228,0
DA:1231,0
DA:1232,0
DA:1233,0
DA:1234,0
DA:1237,0
DA:1238,0
DA:1240,0
DA:1242,0
DA:1244,0
DA:1245,0
DA:1246,0
DA:1249,0
DA:1252,0
DA:1253,0
DA:1256,0
DA:1257,0
DA:1258,0
DA:1262,0
DA:1263,0
DA:1264,0
DA:1268,0
DA:1269,0
DA:1270,0
DA:1274,0
DA:1275,0
DA:1276,0
DA:1280,0
DA:1283,0
DA:1286,0
DA:1287,0
DA:1288,0
DA:1289,0
DA:1290,0
DA:1291,0
DA:1292,0
DA:1293,0
DA:1294,0
DA:1295,0
DA:1296,0
DA:1297,0
DA:1298,0
DA:1299,0
DA:1300,0
DA:1301,0
DA:1302,0
DA:1303,0
DA:1304,0
DA:1305,0
DA:1306,0
DA:1309,0
DA:1320,0
DA:1322,0
DA:1323,0
DA:1324,0
DA:1325,0
DA:1326,0
DA:1327,0
DA:1328,0
DA:1329,0
DA:1330,0
DA:1333,0
DA:1334,0
DA:1335,0
DA:1336,0
DA:1339,0
DA:1340,0
DA:1341,0
DA:1342,0
DA:1343,0
DA:1345,0
DA:1347,0
DA:1348,0
DA:1351,0
DA:1354,0
DA:1357,0
DA:1360,0
DA:1363,0
DA:1364,0
DA:1365,0
DA:1369,0
DA:1370,0
DA:1371,0
DA:1375,0
DA:1378,0
DA:1381,0
DA:1382,0
DA:1383,0
DA:1384,0
DA:1385,0
DA:1386,0
DA:1387,0
DA:1388,0
DA:1389,0
DA:1390,0
DA:1391,0
DA:1392,0
DA:1393,0
DA:1394,0
DA:1397,0
DA:1404,0
DA:1405,0
DA:1406,0
DA:1409,0
DA:1410,0
DA:1413,0
DA:1416,0
DA:1417,0
DA:1423,0
DA:1424,0
DA:1425,0
DA:1428,0
DA:1429,0
DA:1432,0
DA:1435,0
DA:1436,0
DA:1439,0
DA:1440,0
DA:1449,0
DA:1457,0
DA:1465,0
DA:1473,0
DA:1481,0
DA:1489,0
DA:1497,0
DA:1505,0
DA:1510,0
DA:1515,0
DA:1517,0
DA:1518,0
DA:1521,0
DA:1522,0
DA:1523,0
DA:1524,0
DA:1527,0
DA:1528,0
DA:1529,0
DA:1530,0
DA:1535,0
DA:1541,0
DA:1542,0
DA:1544,0
DA:1550,0
DA:1551,0
DA:1552,0
DA:1553,0
DA:1554,0
DA:1555,0
DA:1556,0
DA:1557,0
DA:1558,0
DA:1559,0
DA:1561,0
DA:1562,0
DA:1563,0
DA:1564,0
DA:1565,0
DA:1567,0
DA:1568,0
DA:1569,0
DA:1572,0
DA:1579,0
DA:1580,0
DA:1581,0
DA:1582,0
DA:1583,0
DA:1584,0
DA:1585,0
DA:1586,0
DA:1587,0
DA:1588,0
DA:1590,0
DA:1591,0
DA:1592,0
DA:1593,0
DA:1594,0
DA:1596,0
DA:1597,0
DA:1598,0
DA:1601,0
DA:1608,0
DA:1610,0
DA:1611,0
DA:1612,0
DA:1613,0
DA:1614,0
DA:1615,0
DA:1616,0
DA:1617,0
DA:1621,0
DA:1624,0
DA:1625,0
DA:1626,0
DA:1627,0
DA:1630,0
DA:1631,0
DA:1632,0
DA:1633,0
DA:1634,0
DA:1636,0
DA:1637,0
DA:1638,0
DA:1641,0
DA:1648,0
DA:1650,0
DA:1651,0
DA:1654,0
DA:1655,0
DA:1656,0
DA:1657,0
DA:1658,0
DA:1659,0
DA:1663,0
DA:1664,0
DA:1665,0
DA:1666,0
DA:1667,0
DA:1668,0
DA:1674,0
DA:1680,0
DA:1682,0
DA:1683,0
DA:1686,0
DA:1687,0
DA:1688,0
DA:1689,0
DA:1690,0
DA:1691,0
DA:1695,0
DA:1696,0
DA:1697,0
DA:1698,0
DA:1699,0
DA:1700,0
DA:1706,0
BRF:235
BRH:0
BRDA:120,1569,0,0
BRDA:145,1713,0,0
BRDA:145,1713,1,0
BRDA:146,1720,0,0
BRDA:146,1720,1,0
BRDA:155,1760,0,0
BRDA:156,1770,0,0
BRDA:157,1779,0,0
BRDA:160,1788,0,0
BRDA:160,1790,0,0
BRDA:160,1790,1,0
BRDA:176,2148,0,0
BRDA:201,2292,0,0
BRDA:201,2292,1,0
BRDA:202,2299,0,0
BRDA:202,2299,1,0
BRDA:211,2339,0,0
BRDA:212,2349,0,0
BRDA:213,2358,0,0
BRDA:216,2367,0,0
BRDA:216,2369,0,0
BRDA:216,2369,1,0
BRDA:232,2419,0,0
BRDA:263,2605,0,0
BRDA:263,2605,1,0
BRDA:264,2621,0,0
BRDA:264,2621,1,0
BRDA:269,2655,0,0
BRDA:269,2655,1,0
BRDA:270,2665,0,0
BRDA:270,2665,1,0
BRDA:281,2713,0,0
BRDA:281,2713,1,0
BRDA:282,2720,0,0
BRDA:282,2720,1,0
BRDA:292,2768,0,0
BRDA:296,2787,0,0
BRDA:297,2797,0,0
BRDA:298,2806,0,0
BRDA:301,2815,0,0
BRDA:350,2846,0,0
BRDA:351,2857,0,0
BRDA:351,2859,0,0
BRDA:351,2859,1,0
BRDA:354,2870,0,0
BRDA:381,2923,0,0
BRDA:402,2987,0,0
BRDA:403,2998,0,0
BRDA:404,3010,0,0
BRDA:407,3020,0,0
BRDA:437,3100,0,0
BRDA:438,3111,0,0
BRDA:439,3123,0,0
BRDA:469,3204,0,0
BRDA:470,3215,0,0
BRDA:471,3227,0,0
BRDA:474,3237,0,0
BRDA:504,3314,0,0
BRDA:505,3325,0,0
BRDA:506,3337,0,0
BRDA:509,3347,0,0
BRDA:540,3430,0,0
BRDA:540,3432,0,0
BRDA:540,3432,1,0
BRDA:541,3447,0,0
BRDA:542,3459,0,0
BRDA:545,3469,0,0
BRDA:576,3553,0,0
BRDA:576,3555,0,0
BRDA:576,3555,1,0
BRDA:577,3570,0,0
BRDA:578,3582,0,0
BRDA:581,3592,0,0
BRDA:611,3670,0,0
BRDA:612,3681,0,0
BRDA:613,3693,0,0
BRDA:643,3777,0,0
BRDA:644,3788,0,0
BRDA:645,3800,0,0
BRDA:648,3810,0,0
BRDA:679,3898,0,0
BRDA:680,3909,0,0
BRDA:681,3921,0,0
BRDA:684,3931,0,0
BRDA:715,4016,0,0
BRDA:716,4027,0,0
BRDA:717,4039,0,0
BRDA:720,4049,0,0
BRDA:750,4127,0,0
BRDA:751,4138,0,0
BRDA:752,4150,0,0
BRDA:782,4231,0,0
BRDA:783,4242,0,0
BRDA:784,4254,0,0
BRDA:841,4532,0,0
BRDA:841,4534,0,0
BRDA:841,4534,1,0
BRDA:844,4548,0,0
BRDA:847,4558,0,0
BRDA:850,4567,0,0
BRDA:851,4573,0,0
BRDA:852,4579,0,0
BRDA:855,4585,0,0
BRDA:855,4587,0,0
BRDA:855,4587,1,0
BRDA:858,4598,0,0
BRDA:861,4605,0,0
BRDA:864,4614,0,0
BRDA:867,4621,0,0
BRDA:870,4631,0,0
BRDA:871,4640,0,0
BRDA:872,4649,0,0
BRDA:875,4658,0,0
BRDA:876,4665,0,0
BRDA:879,4672,0,0
BRDA:880,4682,0,0
BRDA:881,4692,0,0
BRDA:955,4956,0,0
BRDA:983,5118,0,0
BRDA:983,5118,1,0
BRDA:984,5125,0,0
BRDA:984,5125,1,0
BRDA:1001,5218,0,0
BRDA:1002,5228,0,0
BRDA:1003,5237,0,0
BRDA:1006,5246,0,0
BRDA:1006,5248,0,0
BRDA:1006,5248,1,0
BRDA:1009,5262,0,0
BRDA:1010,5269,0,0
BRDA:1020,5295,0,0
BRDA:1021,5295,1,0
BRDA:1061,5419,0,0
BRDA:1089,5581,0,0
BRDA:1089,5581,1,0
BRDA:1090,5588,0,0
BRDA:1090,5588,1,0
BRDA:1107,5681,0,0
BRDA:1108,5691,0,0
BRDA:1109,5700,0,0
BRDA:1112,5709,0,0
BRDA:1112,5711,0,0
BRDA:1112,5711,1,0
BRDA:1115,5725,0,0
BRDA:1116,5732,0,0
BRDA:1126,5758,0,0
BRDA:1127,5758,1,0
BRDA:1167,5885,0,0
BRDA:1200,6082,0,0
BRDA:1200,6082,1,0
BRDA:1201,6098,0,0
BRDA:1201,6098,1,0
BRDA:1206,6132,0,0
BRDA:1206,6132,1,0
BRDA:1207,6142,0,0
BRDA:1207,6142,1,0
BRDA:1226,6244,0,0
BRDA:1226,6244,1,0
BRDA:1227,6251,0,0
BRDA:1227,6251,1,0
BRDA:1237,6299,0,0
BRDA:1244,6323,0,0
BRDA:1245,6333,0,0
BRDA:1246,6342,0,0
BRDA:1249,6351,0,0
BRDA:1252,6361,0,0
BRDA:1253,6368,0,0
BRDA:1257,6375,0,0
BRDA:1258,6375,1,0
BRDA:1263,6392,0,0
BRDA:1264,6392,1,0
BRDA:1269,6409,0,0
BRDA:1270,6409,1,0
BRDA:1275,6426,0,0
BRDA:1276,6426,1,0
BRDA:1323,6570,0,0
BRDA:1347,6687,0,0
BRDA:1348,6696,0,0
BRDA:1351,6705,0,0
BRDA:1354,6712,0,0
BRDA:1357,6722,0,0
BRDA:1360,6729,0,0
BRDA:1364,6736,0,0
BRDA:1365,6736,1,0
BRDA:1370,6752,0,0
BRDA:1371,6752,1,0
BRDA:1409,6865,0,0
BRDA:1410,6874,0,0
BRDA:1428,6949,0,0
BRDA:1429,6958,0,0
BRDA:1432,6967,0,0
BRDA:1523,4339,0,0
BRDA:1524,4339,1,0
BRDA:1529,4357,0,0
BRDA:1530,4357,1,0
BRDA:1562,1902,0,0
BRDA:1563,1908,0,0
BRDA:1567,1908,1,0
BRDA:1572,1902,1,0
BRDA:1591,1228,0,0
BRDA:1592,1234,0,0
BRDA:1596,1234,1,0
BRDA:1601,1228,1,0
BRDA:1631,973,0,0
BRDA:1632,979,0,0
BRDA:1636,979,1,0
BRDA:1641,973,1,0
BRDA:1656,772,0,0
BRDA:1657,772,1,0
BRDA:1658,779,0,0
BRDA:1659,779,1,0
BRDA:1665,798,0,0
BRDA:1666,798,1,0
BRDA:1667,805,0,0
BRDA:1668,805,1,0
BRDA:1688,1481,0,0
BRDA:1689,1481,1,0
BRDA:1690,1488,0,0
BRDA:1691,1488,1,0
BRDA:1697,1507,0,0
BRDA:1698,1507,1,0
BRDA:1699,1514,0,0
BRDA:1700,1514,1,0
end_of_record
TN:tests/basic.test.ts__Basic Pool Operations__1.0 Read-Only Functions__should get pool configuration
SF:/home/rozar/Documents/bitflow/bitflow-stableswap/contracts/stableswap-emissions-stx-ststx-stx-v-1-1.clar
FN:43,get-deployment-height
FN:47,get-current-cycle
FN:51,get-cycle-from-height
FN:55,get-starting-height-from-cycle
FN:59,get-admins
FN:63,get-admin-helper
FN:67,get-claim-status
FN:71,get-total-unclaimed-rewards
FN:75,get-rewards-expiration
FN:79,get-cycle
FN:83,get-user-at-cycle
FN:309,get-external-user-data
FN:319,get-external-cycle-data
FN:87,get-user-rewards-at-cycle
FN:107,add-admin
FN:295,admin-not-removable
FN:120,remove-admin
FN:137,set-claim-status
FN:150,set-rewards-expiration
FN:163,set-rewards
FN:190,clear-expired-rewards
FN:299,transfer-rewards-token
FN:217,withdraw-rewards
FN:238,claim-rewards
FN:283,set-rewards-multi
FN:287,clear-expired-rewards-multi
FN:291,claim-rewards-multi
FNF:27
FNH:0
BRF:0
BRH:0
end_of_record
TN:tests/basic.test.ts__Basic Pool Operations__1.0 Read-Only Functions__should get pool configuration
SF:/home/rozar/Documents/bitflow/bitflow-stableswap/contracts/stableswap-pool-stx-ststx-v-1-1.clar
FN:63,get-name
FN:68,get-symbol
FN:73,get-decimals
FN:78,get-token-uri
FN:83,get-total-supply
FN:88,get-balance
FN:93,get-pool
FN:126,set-pool-uri
FN:140,set-pool-status
FN:154,set-midpoint-manager
FN:168,set-fee-address
FN:182,set-midpoint
FN:196,set-midpoint-factor
FN:210,set-midpoint-reversed
FN:224,set-x-fees
FN:239,set-y-fees
FN:254,set-liquidity-fee
FN:268,set-amplification-coefficient
FN:282,set-convergence-threshold
FN:296,update-pool-balances
FN:315,transfer
FN:350,pool-transfer
FN:377,pool-mint
FN:400,pool-burn
FN:423,create-pool
FNF:25
FNH:0
BRF:0
BRH:0
end_of_record
TN:tests/basic.test.ts__Basic Pool Operations__1.0 Read-Only Functions__should get pool configuration
SF:/home/rozar/Documents/bitflow/bitflow-stableswap/contracts/stableswap-pool-trait-v-1-1.clar
FNF:0
FNH:0
BRF:0
BRH:0
end_of_record
TN:tests/basic.test.ts__Basic Pool Operations__1.0 Read-Only Functions__should get pool configuration
SF:/home/rozar/Documents/bitflow/bitflow-stableswap/contracts/stableswap-staking-stx-ststx-v-1-1.clar
FN:60,get-deployment-height
FN:64,get-current-cycle
FN:68,get-cycle-from-height
FN:72,get-starting-height-from-cycle
FN:76,get-admins
FN:80,get-admin-helper
FN:84,get-helper-value
FN:88,get-helper-list
FN:92,get-staking-status
FN:96,get-early-unstake-status
FN:100,get-early-unstake-fee-address
FN:104,get-early-unstake-fee
FN:108,get-total-lp-staked
FN:112,get-lp-staked-at-cycle
FN:116,get-user
FN:120,get-user-at-cycle
FN:124,add-admin
FN:352,admin-not-removable
FN:137,remove-admin
FN:154,set-staking-status
FN:167,set-early-unstake-status
FN:180,set-early-unstake-fee-address
FN:193,set-early-unstake-fee
FN:356,filter-cycles-list
FN:377,map-filtered-cycles-list
FN:363,filter-next-cycles-list
FN:456,transfer-lp-token
FN:381,fold-user-data-per-cycle
FN:206,stake-lp-tokens
FN:370,filter-unstaked-cycles-list
FN:406,fold-cycles-to-unstakeable-cycles
FN:271,unstake-lp-tokens
FN:432,fold-early-unstake-per-cycle
FN:308,early-unstake-lp-tokens
FNF:34
FNH:0
BRF:0
BRH:0
end_of_record
TN:tests/basic.test.ts__Basic Pool Operations__1.0 Read-Only Functions__should get pool configuration
SF:/home/rozar/Documents/bitflow/bitflow-stableswap/contracts/external/token-ststx.clar
FN:9,get-total-supply
FN:13,get-name
FN:17,get-symbol
FN:21,get-decimals
FN:25,get-balance
FN:29,get-balance-simple
FN:34,get-token-uri
FN:38,transfer
FN:52,mint
FN:58,burn
FNF:10
FNH:0
BRF:0
BRH:0
end_of_record
TN:tests/basic.test.ts__Basic Pool Operations__1.0 Read-Only Functions__should get pool configuration
SF:/home/rozar/Documents/bitflow/bitflow-stableswap/contracts/token-stx-v-1-1.clar
FN:14,get-name
FN:18,get-symbol
FN:22,get-decimals
FN:26,get-total-supply
FN:30,get-balance
FN:34,get-token-uri
FN:38,get-contract-owner
FN:42,set-token-uri
FN:56,set-contract-owner
FN:70,transfer
FNF:10
FNH:0
BRF:0
BRH:0
end_of_record
TN:tests/basic.test.ts__Basic Pool Operations__1.0 Read-Only Functions__should track pool changes
SF:/home/rozar/Documents/bitflow/bitflow-stableswap/contracts/sip-010-trait-ft-standard-v-1-1.clar
FNF:0
FNH:0
BRF:0
BRH:0
end_of_record
TN:tests/basic.test.ts__Basic Pool Operations__1.0 Read-Only Functions__should track pool changes
SF:/home/rozar/Documents/bitflow/bitflow-stableswap/contracts/stableswap-core-v-1-1.clar
FN:77,get-admins
FN:82,get-admin-helper
FN:87,get-last-pool-id
FN:92,get-pool-by-id
FN:97,get-minimum-total-shares
FN:102,get-minimum-burnt-shares
FN:107,get-public-pool-creation
FN:1540,is-valid-pool
FN:1647,scale-up-amounts
FN:1607,fold-d-for-loop
FN:339,get-d
FN:1578,fold-y-for-loop
FN:324,get-y
FN:1679,scale-down-amounts
FN:112,get-dy
FN:1549,fold-x-for-loop
FN:309,get-x
FN:168,get-dx
FN:224,get-dlp
FN:344,set-minimum-shares
FN:375,set-public-pool-creation
FN:394,set-pool-uri
FN:429,set-pool-status
FN:461,set-midpoint-manager
FN:496,set-fee-address
FN:531,set-midpoint
FN:567,set-midpoint-factor
FN:603,set-midpoint-reversed
FN:635,set-x-fees
FN:671,set-y-fees
FN:707,set-liquidity-fee
FN:742,set-amplification-coefficient
FN:774,set-convergence-threshold
FN:1514,create-symbol
FN:806,create-pool
FN:947,swap-x-for-y
FN:1053,swap-y-for-x
FN:1159,add-liquidity
FN:1315,withdraw-liquidity
FN:1403,add-admin
FN:1509,admin-not-removable
FN:1422,remove-admin
FN:1445,set-pool-uri-multi
FN:1453,set-pool-status-multi
FN:1461,set-fee-address-multi
FN:1469,set-x-fees-multi
FN:1477,set-y-fees-multi
FN:1485,set-liquidity-fee-multi
FN:1493,set-amplification-coefficient-multi
FN:1501,set-convergence-threshold-multi
FNDA:1,fold-d-for-loop
FNDA:1,fold-y-for-loop
FNDA:1,get-d
FNDA:1,get-y
FNDA:1,is-valid-pool
FNDA:1,scale-down-amounts
FNDA:1,scale-up-amounts
FNDA:1,swap-x-for-y
FNF:50
FNH:8
DA:78,0
DA:83,0
DA:88,0
DA:93,0
DA:98,0
DA:103,0
DA:108,0
DA:117,0
DA:119,0
DA:120,0
DA:121,0
DA:122,0
DA:123,0
DA:124,0
DA:125,0
DA:126,0
DA:127,0
DA:128,0
DA:129,0
DA:130,0
DA:131,0
DA:134,0
DA:135,0
DA:136,0
DA:137,0
DA:138,0
DA:139,0
DA:140,0
DA:141,0
DA:142,0
DA:145,0
DA:146,0
DA:147,0
DA:148,0
DA:151,0
DA:152,0
DA:155,0
DA:156,0
DA:157,0
DA:160,0
DA:163,0
DA:173,0
DA:175,0
DA:176,0
DA:177,0
DA:178,0
DA:179,0
DA:180,0
DA:181,0
DA:182,0
DA:183,0
DA:184,0
DA:185,0
DA:186,0
DA:187,0
DA:190,0
DA:191,0
DA:192,0
DA:193,0
DA:194,0
DA:195,0
DA:196,0
DA:197,0
DA:198,0
DA:201,0
DA:202,0
DA:203,0
DA:204,0
DA:207,0
DA:208,0
DA:211,0
DA:212,0
DA:213,0
DA:216,0
DA:219,0
DA:229,0
DA:231,0
DA:232,0
DA:233,0
DA:234,0
DA:235,0
DA:236,0
DA:237,0
DA:238,0
DA:239,0
DA:240,0
DA:241,0
DA:242,0
DA:243,0
DA:244,0
DA:245,0
DA:248,0
DA:249,0
DA:250,0
DA:251,0
DA:252,0
DA:253,0
DA:254,0
DA:255,0
DA:256,0
DA:259,0
DA:260,0
DA:261,0
DA:262,0
DA:263,0
DA:264,0
DA:267,0
DA:268,0
DA:269,0
DA:270,0
DA:271,0
DA:272,0
DA:273,0
DA:276,0
DA:277,0
DA:278,0
DA:281,0
DA:282,0
DA:283,0
DA:286,0
DA:287,0
DA:288,0
DA:289,0
DA:292,0
DA:293,0
DA:296,0
DA:297,0
DA:298,0
DA:301,0
DA:304,0
DA:310,0
DA:311,0
DA:312,0
DA:313,0
DA:314,0
DA:315,0
DA:316,0
DA:317,0
DA:319,0
DA:325,1
DA:326,1
DA:327,1
DA:328,1
DA:329,1
DA:330,1
DA:331,1
DA:332,1
DA:334,1
DA:340,2
DA:345,0
DA:346,0
DA:348,0
DA:350,0
DA:351,0
DA:354,0
DA:357,0
DA:358,0
DA:361,0
DA:362,0
DA:363,0
DA:364,0
DA:365,0
DA:366,0
DA:369,0
DA:376,0
DA:377,0
DA:379,0
DA:381,0
DA:384,0
DA:387,0
DA:388,0
DA:395,0
DA:397,0
DA:398,0
DA:400,0
DA:402,0
DA:403,0
DA:404,0
DA:407,0
DA:410,0
DA:413,0
DA:414,0
DA:415,0
DA:416,0
DA:417,0
DA:418,0
DA:419,0
DA:420,0
DA:423,0
DA:430,0
DA:432,0
DA:433,0
DA:435,0
DA:437,0
DA:438,0
DA:439,0
DA:442,0
DA:445,0
DA:446,0
DA:447,0
DA:448,0
DA:449,0
DA:450,0
DA:451,0
DA:452,0
DA:455,0
DA:462,0
DA:464,0
DA:465,0
DA:467,0
DA:469,0
DA:470,0
DA:471,0
DA:474,0
DA:477,0
DA:480,0
DA:481,0
DA:482,0
DA:483,0
DA:484,0
DA:485,0
DA:486,0
DA:487,0
DA:490,0
DA:497,0
DA:499,0
DA:500,0
DA:502,0
DA:504,0
DA:505,0
DA:506,0
DA:509,0
DA:512,0
DA:515,0
DA:516,0
DA:517,0
DA:518,0
DA:519,0
DA:520,0
DA:521,0
DA:522,0
DA:525,0
DA:532,0
DA:534,0
DA:535,0
DA:536,0
DA:538,0
DA:540,0
DA:541,0
DA:542,0
DA:545,0
DA:548,0
DA:551,0
DA:552,0
DA:553,0
DA:554,0
DA:555,0
DA:556,0
DA:557,0
DA:558,0
DA:561,0
DA:568,0
DA:570,0
DA:571,0
DA:572,0
DA:574,0
DA:576,0
DA:577,0
DA:578,0
DA:581,0
DA:584,0
DA:587,0
DA:588,0
DA:589,0
DA:590,0
DA:591,0
DA:592,0
DA:593,0
DA:594,0
DA:597,0
DA:604,0
DA:606,0
DA:607,0
DA:609,0
DA:611,0
DA:612,0
DA:613,0
DA:616,0
DA:619,0
DA:620,0
DA:621,0
DA:622,0
DA:623,0
DA:624,0
DA:625,0
DA:626,0
DA:629,0
DA:636,0
DA:638,0
DA:639,0
DA:641,0
DA:643,0
DA:644,0
DA:645,0
DA:648,0
DA:651,0
DA:654,0
DA:655,0
DA:656,0
DA:657,0
DA:658,0
DA:659,0
DA:660,0
DA:661,0
DA:662,0
DA:665,0
DA:672,0
DA:674,0
DA:675,0
DA:677,0
DA:679,0
DA:680,0
DA:681,0
DA:684,0
DA:687,0
DA:690,0
DA:691,0
DA:692,0
DA:693,0
DA:694,0
DA:695,0
DA:696,0
DA:697,0
DA:698,0
DA:701,0
DA:708,0
DA:710,0
DA:711,0
DA:713,0
DA:715,0
DA:716,0
DA:717,0
DA:720,0
DA:723,0
DA:726,0
DA:727,0
DA:728,0
DA:729,0
DA:730,0
DA:731,0
DA:732,0
DA:733,0
DA:736,0
DA:743,0
DA:745,0
DA:746,0
DA:748,0
DA:750,0
DA:751,0
DA:752,0
DA:755,0
DA:758,0
DA:759,0
DA:760,0
DA:761,0
DA:762,0
DA:763,0
DA:764,0
DA:765,0
DA:768,0
DA:775,0
DA:777,0
DA:778,0
DA:780,0
DA:782,0
DA:783,0
DA:784,0
DA:787,0
DA:790,0
DA:791,0
DA:792,0
DA:793,0
DA:794,0
DA:795,0
DA:796,0
DA:797,0
DA:800,0
DA:819,0
DA:821,0
DA:822,0
DA:825,0
DA:826,0
DA:827,0
DA:828,0
DA:829,0
DA:832,0
DA:833,0
DA:834,0
DA:835,0
DA:836,0
DA:837,0
DA:839,0
DA:841,0
DA:844,0
DA:847,0
DA:850,0
DA:851,0
DA:852,0
DA:855,0
DA:858,0
DA:861,0
DA:864,0
DA:867,0
DA:870,0
DA:871,0
DA:872,0
DA:875,0
DA:876,0
DA:879,0
DA:880,0
DA:881,0
DA:884,0
DA:885,0
DA:886,0
DA:887,0
DA:888,0
DA:889,0
DA:890,0
DA:893,0
DA:894,0
DA:897,0
DA:898,0
DA:901,0
DA:904,0
DA:907,0
DA:910,0
DA:911,0
DA:912,0
DA:913,0
DA:914,0
DA:915,0
DA:916,0
DA:917,0
DA:918,0
DA:919,0
DA:920,0
DA:921,0
DA:922,0
DA:923,0
DA:924,0
DA:925,0
DA:926,0
DA:927,0
DA:928,0
DA:929,0
DA:930,0
DA:931,0
DA:932,0
DA:933,0
DA:934,0
DA:935,0
DA:936,0
DA:937,0
DA:938,0
DA:941,0
DA:952,1
DA:954,1
DA:955,1
DA:956,1
DA:957,1
DA:958,1
DA:959,1
DA:960,1
DA:961,1
DA:962,1
DA:963,1
DA:964,1
DA:965,1
DA:966,1
DA:967,1
DA:968,1
DA:971,1
DA:972,1
DA:973,1
DA:974,1
DA:975,1
DA:976,1
DA:977,1
DA:978,1
DA:979,1
DA:980,1
DA:983,1
DA:984,1
DA:985,1
DA:986,1
DA:989,1
DA:990,1
DA:991,1
DA:992,1
DA:993,1
DA:994,1
DA:995,1
DA:996,1
DA:997,1
DA:999,1
DA:1001,1
DA:1002,1
DA:1003,1
DA:1006,1
DA:1009,1
DA:1010,1
DA:1013,1
DA:1016,1
DA:1019,1
DA:1020,1
DA:1021,0
DA:1025,1
DA:1028,1
DA:1029,1
DA:1030,1
DA:1031,0
DA:1032,1
DA:1033,1
DA:1034,1
DA:1035,1
DA:1036,1
DA:1037,1
DA:1038,1
DA:1039,1
DA:1040,1
DA:1041,1
DA:1042,1
DA:1043,1
DA:1044,1
DA:1047,1
DA:1058,0
DA:1060,0
DA:1061,0
DA:1062,0
DA:1063,0
DA:1064,0
DA:1065,0
DA:1066,0
DA:1067,0
DA:1068,0
DA:1069,0
DA:1070,0
DA:1071,0
DA:1072,0
DA:1073,0
DA:1074,0
DA:1077,0
DA:1078,0
DA:1079,0
DA:1080,0
DA:1081,0
DA:1082,0
DA:1083,0
DA:1084,0
DA:1085,0
DA:1086,0
DA:1089,0
DA:1090,0
DA:1091,0
DA:1092,0
DA:1095,0
DA:1096,0
DA:1097,0
DA:1098,0
DA:1099,0
DA:1100,0
DA:1101,0
DA:1102,0
DA:1103,0
DA:1105,0
DA:1107,0
DA:1108,0
DA:1109,0
DA:1112,0
DA:1115,0
DA:1116,0
DA:1119,0
DA:1122,0
DA:1125,0
DA:1126,0
DA:1127,0
DA:1131,0
DA:1134,0
DA:1135,0
DA:1136,0
DA:1137,0
DA:1138,0
DA:1139,0
DA:1140,0
DA:1141,0
DA:1142,0
DA:1143,0
DA:1144,0
DA:1145,0
DA:1146,0
DA:1147,0
DA:1148,0
DA:1149,0
DA:1150,0
DA:1153,0
DA:1164,0
DA:1166,0
DA:1167,0
DA:1168,0
DA:1169,0
DA:1170,0
DA:1171,0
DA:1172,0
DA:1173,0
DA:1174,0
DA:1175,0
DA:1176,0
DA:1177,0
DA:1178,0
DA:1179,0
DA:1180,0
DA:1181,0
DA:1182,0
DA:1185,0
DA:1186,0
DA:1187,0
DA:1188,0
DA:1189,0
DA:1190,0
DA:1191,0
DA:1192,0
DA:1193,0
DA:1196,0
DA:1197,0
DA:1198,0
DA:1199,0
DA:1200,0
DA:1201,0
DA:1204,0
DA:1205,0
DA:1206,0
DA:1207,0
DA:1208,0
DA:1209,0
DA:1210,0
DA:1211,0
DA:1212,0
DA:1215,0
DA:1216,0
DA:1217,0
DA:1218,0
DA:1219,0
DA:1220,0
DA:1221,0
DA:1222,0
DA:1223,0
DA:1226,0
DA:1227,0
DA:1228,0
DA:1231,0
DA:1232,0
DA:1233,0
DA:1234,0
DA:1237,0
DA:1238,0
DA:1240,0
DA:1242,0
DA:1244,0
DA:1245,0
DA:1246,0
DA:1249,0
DA:1252,0
DA:1253,0
DA:1256,0
DA:1257,0
DA:1258,0
DA:1262,0
DA:1263,0
DA:1264,0
DA:1268,0
DA:1269,0
DA:1270,0
DA:1274,0
DA:1275,0
DA:1276,0
DA:1280,0
DA:1283,0
DA:1286,0
DA:1287,0
DA:1288,0
DA:1289,0
DA:1290,0
DA:1291,0
DA:1292,0
DA:1293,0
DA:1294,0
DA:1295,0
DA:1296,0
DA:1297,0
DA:1298,0
DA:1299,0
DA:1300,0
DA:1301,0
DA:1302,0
DA:1303,0
DA:1304,0
DA:1305,0
DA:1306,0
DA:1309,0
DA:1320,0
DA:1322,0
DA:1323,0
DA:1324,0
DA:1325,0
DA:1326,0
DA:1327,0
DA:1328,0
DA:1329,0
DA:1330,0
DA:1333,0
DA:1334,0
DA:1335,0
DA:1336,0
DA:1339,0
DA:1340,0
DA:1341,0
DA:1342,0
DA:1343,0
DA:1345,0
DA:1347,0
DA:1348,0
DA:1351,0
DA:1354,0
DA:1357,0
DA:1360,0
DA:1363,0
DA:1364,0
DA:1365,0
DA:1369,0
DA:1370,0
DA:1371,0
DA:1375,0
DA:1378,0
DA:1381,0
DA:1382,0
DA:1383,0
DA:1384,0
DA:1385,0
DA:1386,0
DA:1387,0
DA:1388,0
DA:1389,0
DA:1390,0
DA:1391,0
DA:1392,0
DA:1393,0
DA:1394,0
DA:1397,0
DA:1404,0
DA:1405,0
DA:1406,0
DA:1409,0
DA:1410,0
DA:1413,0
DA:1416,0
DA:1417,0
DA:1423,0
DA:1424,0
DA:1425,0
DA:1428,0
DA:1429,0
DA:1432,0
DA:1435,0
DA:1436,0
DA:1439,0
DA:1440,0
DA:1449,0
DA:1457,0
DA:1465,0
DA:1473,0
DA:1481,0
DA:1489,0
DA:1497,0
DA:1505,0
DA:1510,0
DA:1515,0
DA:1517,0
DA:1518,0
DA:1521,0
DA:1522,0
DA:1523,0
DA:1524,0
DA:1527,0
DA:1528,0
DA:1529,0
DA:1530,0
DA:1535,0
DA:1541,1
DA:1542,1
DA:1544,1
DA:1550,0
DA:1551,0
DA:1552,0
DA:1553,0
DA:1554,0
DA:1555,0
DA:1556,0
DA:1557,0
DA:1558,0
DA:1559,0
DA:1561,0
DA:1562,0
DA:1563,0
DA:1564,0
DA:1565,0
DA:1567,0
DA:1568,0
DA:1569,0
DA:1572,0
DA:1579,384
DA:1580,384
DA:1581,384
DA:1582,384
DA:1583,384
DA:1584,384
DA:1585,384
DA:1586,384
DA:1587,384
DA:1588,384
DA:1590,384
DA:1591,7
DA:1592,0
DA:1593,0
DA:1594,0
DA:1596,7
DA:1597,1
DA:1598,6
DA:1601,377
DA:1608,768
DA:1610,768
DA:1611,768
DA:1612,768
DA:1613,768
DA:1614,768
DA:1615,768
DA:1616,768
DA:1617,768
DA:1621,768
DA:1624,768
DA:1625,768
DA:1626,768
DA:1627,768
DA:1630,768
DA:1631,3
DA:1632,0
DA:1633,0
DA:1634,0
DA:1636,3
DA:1637,2
DA:1638,1
DA:1641,765
DA:1648,2
DA:1650,2
DA:1651,2
DA:1654,0
DA:1655,2
DA:1656,2
DA:1657,0
DA:1658,0
DA:1659,0
DA:1663,0
DA:1664,2
DA:1665,2
DA:1666,0
DA:1667,0
DA:1668,0
DA:1674,2
DA:1680,3
DA:1682,3
DA:1683,3
DA:1686,0
DA:1687,3
DA:1688,3
DA:1689,0
DA:1690,0
DA:1691,0
DA:1695,0
DA:1696,3
DA:1697,3
DA:1698,0
DA:1699,0
DA:1700,0
DA:1706,3
BRF:235
BRH:19
BRDA:120,1569,0,0
BRDA:145,1713,0,0
BRDA:145,1713,1,0
BRDA:146,1720,0,0
BRDA:146,1720,1,0
BRDA:155,1760,0,0
BRDA:156,1770,0,0
BRDA:157,1779,0,0
BRDA:160,1788,0,0
BRDA:160,1790,0,0
BRDA:160,1790,1,0
BRDA:176,2148,0,0
BRDA:201,2292,0,0
BRDA:201,2292,1,0
BRDA:202,2299,0,0
BRDA:202,2299,1,0
BRDA:211,2339,0,0
BRDA:212,2349,0,0
BRDA:213,2358,0,0
BRDA:216,2367,0,0
BRDA:216,2369,0,0
BRDA:216,2369,1,0
BRDA:232,2419,0,0
BRDA:263,2605,0,0
BRDA:263,2605,1,0
BRDA:264,2621,0,0
BRDA:264,2621,1,0
BRDA:269,2655,0,0
BRDA:269,2655,1,0
BRDA:270,2665,0,0
BRDA:270,2665,1,0
BRDA:281,2713,0,0
BRDA:281,2713,1,0
BRDA:282,2720,0,0
BRDA:282,2720,1,0
BRDA:292,2768,0,0
BRDA:296,2787,0,0
BRDA:297,2797,0,0
BRDA:298,2806,0,0
BRDA:301,2815,0,0
BRDA:350,2846,0,0
BRDA:351,2857,0,0
BRDA:351,2859,0,0
BRDA:351,2859,1,0
BRDA:354,2870,0,0
BRDA:381,2923,0,0
BRDA:402,2987,0,0
BRDA:403,2998,0,0
BRDA:404,3010,0,0
BRDA:407,3020,0,0
BRDA:437,3100,0,0
BRDA:438,3111,0,0
BRDA:439,3123,0,0
BRDA:469,3204,0,0
BRDA:470,3215,0,0
BRDA:471,3227,0,0
BRDA:474,3237,0,0
BRDA:504,3314,0,0
BRDA:505,3325,0,0
BRDA:506,3337,0,0
BRDA:509,3347,0,0
BRDA:540,3430,0,0
BRDA:540,3432,0,0
BRDA:540,3432,1,0
BRDA:541,3447,0,0
BRDA:542,3459,0,0
BRDA:545,3469,0,0
BRDA:576,3553,0,0
BRDA:576,3555,0,0
BRDA:576,3555,1,0
BRDA:577,3570,0,0
BRDA:578,3582,0,0
BRDA:581,3592,0,0
BRDA:611,3670,0,0
BRDA:612,3681,0,0
BRDA:613,3693,0,0
BRDA:643,3777,0,0
BRDA:644,3788,0,0
BRDA:645,3800,0,0
BRDA:648,3810,0,0
BRDA:679,3898,0,0
BRDA:680,3909,0,0
BRDA:681,3921,0,0
BRDA:684,3931,0,0
BRDA:715,4016,0,0
BRDA:716,4027,0,0
BRDA:717,4039,0,0
BRDA:720,4049,0,0
BRDA:750,4127,0,0
BRDA:751,4138,0,0
BRDA:752,4150,0,0
BRDA:782,4231,0,0
BRDA:783,4242,0,0
BRDA:784,4254,0,0
BRDA:841,4532,0,0
BRDA:841,4534,0,0
BRDA:841,4534,1,0
BRDA:844,4548,0,0
BRDA:847,4558,0,0
BRDA:850,4567,0,0
BRDA:851,4573,0,0
BRDA:852,4579,0,0
BRDA:855,4585,0,0
BRDA:855,4587,0,0
BRDA:855,4587,1,0
BRDA:858,4598,0,0
BRDA:861,4605,0,0
BRDA:864,4614,0,0
BRDA:867,4621,0,0
BRDA:870,4631,0,0
BRDA:871,4640,0,0
BRDA:872,4649,0,0
BRDA:875,4658,0,0
BRDA:876,4665,0,0
BRDA:879,4672,0,0
BRDA:880,4682,0,0
BRDA:881,4692,0,0
BRDA:955,4956,0,0
BRDA:983,5118,0,1
BRDA:983,5118,1,0
BRDA:984,5125,0,1
BRDA:984,5125,1,0
BRDA:1001,5218,0,0
BRDA:1002,5228,0,0
BRDA:1003,5237,0,0
BRDA:1006,5246,0,0
BRDA:1006,5248,0,1
BRDA:1006,5248,1,1
BRDA:1009,5262,0,0
BRDA:1010,5269,0,0
BRDA:1020,5295,0,1
BRDA:1021,5295,1,0
BRDA:1061,5419,0,0
BRDA:1089,5581,0,0
BRDA:1089,5581,1,0
BRDA:1090,5588,0,0
BRDA:1090,5588,1,0
BRDA:1107,5681,0,0
BRDA:1108,5691,0,0
BRDA:1109,5700,0,0
BRDA:1112,5709,0,0
BRDA:1112,5711,0,0
BRDA:1112,5711,1,0
BRDA:1115,5725,0,0
BRDA:1116,5732,0,0
BRDA:1126,5758,0,0
BRDA:1127,5758,1,0
BRDA:1167,5885,0,0
BRDA:1200,6082,0,0
BRDA:1200,6082,1,0
BRDA:1201,6098,0,0
BRDA:1201,6098,1,0
BRDA:1206,6132,0,0
BRDA:1206,6132,1,0
BRDA:1207,6142,0,0
BRDA:1207,6142,1,0
BRDA:1226,6244,0,0
BRDA:1226,6244,1,0
BRDA:1227,6251,0,0
BRDA:1227,6251,1,0
BRDA:1237,6299,0,0
BRDA:1244,6323,0,0
BRDA:1245,6333,0,0
BRDA:1246,6342,0,0
BRDA:1249,6351,0,0
BRDA:1252,6361,0,0
BRDA:1253,6368,0,0
BRDA:1257,6375,0,0
BRDA:1258,6375,1,0
BRDA:1263,6392,0,0
BRDA:1264,6392,1,0
BRDA:1269,6409,0,0
BRDA:1270,6409,1,0
BRDA:1275,6426,0,0
BRDA:1276,6426,1,0
BRDA:1323,6570,0,0
BRDA:1347,6687,0,0
BRDA:1348,6696,0,0
BRDA:1351,6705,0,0
BRDA:1354,6712,0,0
BRDA:1357,6722,0,0
BRDA:1360,6729,0,0
BRDA:1364,6736,0,0
BRDA:1365,6736,1,0
BRDA:1370,6752,0,0
BRDA:1371,6752,1,0
BRDA:1409,6865,0,0
BRDA:1410,6874,0,0
BRDA:1428,6949,0,0
BRDA:1429,6958,0,0
BRDA:1432,6967,0,0
BRDA:1523,4339,0,0
BRDA:1524,4339,1,0
BRDA:1529,4357,0,0
BRDA:1530,4357,1,0
BRDA:1562,1902,0,0
BRDA:1563,1908,0,0
BRDA:1567,1908,1,0
BRDA:1572,1902,1,0
BRDA:1591,1228,0,7
BRDA:1592,1234,0,0
BRDA:1596,1234,1,7
BRDA:1601,1228,1,377
BRDA:1631,973,0,3
BRDA:1632,979,0,0
BRDA:1636,979,1,3
BRDA:1641,973,1,765
BRDA:1656,772,0,2
BRDA:1657,772,1,0
BRDA:1658,779,0,0
BRDA:1659,779,1,0
BRDA:1665,798,0,2
BRDA:1666,798,1,0
BRDA:1667,805,0,0
BRDA:1668,805,1,0
BRDA:1688,1481,0,3
BRDA:1689,1481,1,0
BRDA:1690,1488,0,0
BRDA:1691,1488,1,0
BRDA:1697,1507,0,3
BRDA:1698,1507,1,0
BRDA:1699,1514,0,0
BRDA:1700,1514,1,0
end_of_record
TN:tests/basic.test.ts__Basic Pool Operations__1.0 Read-Only Functions__should track pool changes
SF:/home/rozar/Documents/bitflow/bitflow-stableswap/contracts/stableswap-emissions-stx-ststx-stx-v-1-1.clar
FN:43,get-deployment-height
FN:47,get-current-cycle
FN:51,get-cycle-from-height
FN:55,get-starting-height-from-cycle
FN:59,get-admins
FN:63,get-admin-helper
FN:67,get-claim-status
FN:71,get-total-unclaimed-rewards
FN:75,get-rewards-expiration
FN:79,get-cycle
FN:83,get-user-at-cycle
FN:309,get-external-user-data
FN:319,get-external-cycle-data
FN:87,get-user-rewards-at-cycle
FN:107,add-admin
FN:295,admin-not-removable
FN:120,remove-admin
FN:137,set-claim-status
FN:150,set-rewards-expiration
FN:163,set-rewards
FN:190,clear-expired-rewards
FN:299,transfer-rewards-token
FN:217,withdraw-rewards
FN:238,claim-rewards
FN:283,set-rewards-multi
FN:287,clear-expired-rewards-multi
FN:291,claim-rewards-multi
FNF:27
FNH:0
BRF:0
BRH:0
end_of_record
TN:tests/basic.test.ts__Basic Pool Operations__1.0 Read-Only Functions__should track pool changes
SF:/home/rozar/Documents/bitflow/bitflow-stableswap/contracts/stableswap-pool-stx-ststx-v-1-1.clar
FN:63,get-name
FN:68,get-symbol
FN:73,get-decimals
FN:78,get-token-uri
FN:83,get-total-supply
FN:88,get-balance
FN:93,get-pool
FN:126,set-pool-uri
FN:140,set-pool-status
FN:154,set-midpoint-manager
FN:168,set-fee-address
FN:182,set-midpoint
FN:196,set-midpoint-factor
FN:210,set-midpoint-reversed
FN:224,set-x-fees
FN:239,set-y-fees
FN:254,set-liquidity-fee
FN:268,set-amplification-coefficient
FN:282,set-convergence-threshold
FN:296,update-pool-balances
FN:315,transfer
FN:350,pool-transfer
FN:377,pool-mint
FN:400,pool-burn
FN:423,create-pool
FNDA:3,get-pool
FNDA:1,pool-transfer
FNDA:1,update-pool-balances
FNF:25
FNH:3
DA:64,0
DA:69,0
DA:74,0
DA:79,0
DA:84,0
DA:89,0
DA:94,3
DA:95,3
DA:96,3
DA:97,3
DA:98,3
DA:99,3
DA:100,3
DA:101,3
DA:102,3
DA:103,3
DA:104,3
DA:105,3
DA:106,3
DA:107,3
DA:108,3
DA:109,3
DA:110,3
DA:111,3
DA:112,3
DA:113,3
DA:114,3
DA:115,3
DA:116,3
DA:117,3
DA:118,3
DA:119,3
DA:120,3
DA:121,3
DA:127,0
DA:128,0
DA:130,0
DA:132,0
DA:133,0
DA:134,0
DA:141,0
DA:142,0
DA:144,0
DA:146,0
DA:147,0
DA:148,0
DA:155,0
DA:156,0
DA:158,0
DA:160,0
DA:161,0
DA:162,0
DA:169,0
DA:170,0
DA:172,0
DA:174,0
DA:175,0
DA:176,0
DA:183,0
DA:184,0
DA:186,0
DA:188,0
DA:189,0
DA:190,0
DA:197,0
DA:198,0
DA:200,0
DA:202,0
DA:203,0
DA:204,0
DA:211,0
DA:212,0
DA:214,0
DA:216,0
DA:217,0
DA:218,0
DA:225,0
DA:226,0
DA:228,0
DA:230,0
DA:231,0
DA:232,0
DA:233,0
DA:240,0
DA:241,0
DA:243,0
DA:245,0
DA:246,0
DA:247,0
DA:248,0
DA:255,0
DA:256,0
DA:258,0
DA:260,0
DA:261,0
DA:262,0
DA:269,0
DA:270,0
DA:272,0
DA:274,0
DA:275,0
DA:276,0
DA:283,0
DA:284,0
DA:286,0
DA:288,0
DA:289,0
DA:290,0
DA:297,1
DA:298,1
DA:300,1
DA:302,1
DA:303,1
DA:304,1
DA:305,1
DA:308,1
DA:309,1
DA:320,0
DA:321,0
DA:323,0
DA:325,0
DA:326,0
DA:327,0
DA:330,0
DA:331,0
DA:334,0
DA:335,0
DA:336,0
DA:337,0
DA:338,0
DA:339,0
DA:340,0
DA:341,0
DA:344,0
DA:351,1
DA:352,1
DA:353,1
DA:355,1
DA:357,1
DA:360,1
DA:361,1
DA:364,1
DA:367,1
DA:370,1
DA:371,1
DA:378,0
DA:379,0
DA:381,0
DA:383,0
DA:386,0
DA:387,0
DA:390,0
DA:393,0
DA:394,0
DA:401,0
DA:402,0
DA:404,0
DA:406,0
DA:409,0
DA:410,0
DA:413,0
DA:416,0
DA:417,0
DA:433,0
DA:434,0
DA:436,0
DA:438,0
DA:439,0
DA:440,0
DA:441,0
DA:442,0
DA:443,0
DA:444,0
DA:445,0
DA:446,0
DA:447,0
DA:448,0
DA:449,0
DA:450,0
DA:451,0
DA:452,0
DA:453,0
BRF:30
BRH:0
BRDA:132,409,0,0
BRDA:146,438,0,0
BRDA:160,467,0,0
BRDA:174,496,0,0
BRDA:188,525,0,0
BRDA:202,554,0,0
BRDA:216,583,0,0
BRDA:230,615,0,0
BRDA:245,651,0,0
BRDA:260,684,0,0
BRDA:274,713,0,0
BRDA:288,742,0,0
BRDA:302,777,0,0
BRDA:325,847,0,0
BRDA:326,854,0,0
BRDA:327,860,0,0
BRDA:331,874,0,0
BRDA:331,874,1,0
BRDA:357,937,0,0
BRDA:360,944,0,0
BRDA:361,950,0,0
BRDA:364,956,0,0
BRDA:383,1016,0,0
BRDA:386,1023,0,0
BRDA:387,1029,0,0
BRDA:406,1081,0,0
BRDA:409,1088,0,0
BRDA:410,1094,0,0
BRDA:438,1182,0,0
BRDA:439,1189,0,0
end_of_record
TN:tests/basic.test.ts__Basic Pool Operations__1.0 Read-Only Functions__should track pool changes
SF:/home/rozar/Documents/bitflow/bitflow-stableswap/contracts/stableswap-pool-trait-v-1-1.clar
FNF:0
FNH:0
BRF:0
BRH:0
end_of_record
TN:tests/basic.test.ts__Basic Pool Operations__1.0 Read-Only Functions__should track pool changes
SF:/home/rozar/Documents/bitflow/bitflow-stableswap/contracts/stableswap-staking-stx-ststx-v-1-1.clar
FN:60,get-deployment-height
FN:64,get-current-cycle
FN:68,get-cycle-from-height
FN:72,get-starting-height-from-cycle
FN:76,get-admins
FN:80,get-admin-helper
FN:84,get-helper-value
FN:88,get-helper-list
FN:92,get-staking-status
FN:96,get-early-unstake-status
FN:100,get-early-unstake-fee-address
FN:104,get-early-unstake-fee
FN:108,get-total-lp-staked
FN:112,get-lp-staked-at-cycle
FN:116,get-user
FN:120,get-user-at-cycle
FN:124,add-admin
FN:352,admin-not-removable
FN:137,remove-admin
FN:154,set-staking-status
FN:167,set-early-unstake-status
FN:180,set-early-unstake-fee-address
FN:193,set-early-unstake-fee
FN:356,filter-cycles-list
FN:377,map-filtered-cycles-list
FN:363,filter-next-cycles-list
FN:456,transfer-lp-token
FN:381,fold-user-data-per-cycle
FN:206,stake-lp-tokens
FN:370,filter-unstaked-cycles-list
FN:406,fold-cycles-to-unstakeable-cycles
FN:271,unstake-lp-tokens
FN:432,fold-early-unstake-per-cycle
FN:308,early-unstake-lp-tokens
FNF:34
FNH:0
BRF:0
BRH:0
end_of_record
TN:tests/basic.test.ts__Basic Pool Operations__1.0 Read-Only Functions__should track pool changes
SF:/home/rozar/Documents/bitflow/bitflow-stableswap/contracts/external/token-ststx.clar
FN:9,get-total-supply
FN:13,get-name
FN:17,get-symbol
FN:21,get-decimals
FN:25,get-balance
FN:29,get-balance-simple
FN:34,get-token-uri
FN:38,transfer
FN:52,mint
FN:58,burn
FNDA:1,get-decimals
FNDA:1,transfer
FNF:10
FNH:2
DA:10,0
DA:14,0
DA:18,0
DA:22,5
DA:26,0
DA:30,0
DA:35,0
DA:39,1
DA:40,1
DA:42,1
DA:43,1
DA:44,1
DA:45,1
DA:47,0
DA:53,0
DA:54,0
DA:59,0
DA:60,0
BRF:3
BRH:1
BRDA:40,101,0,0
BRDA:43,110,0,1
BRDA:47,110,1,0
end_of_record
TN:tests/basic.test.ts__Basic Pool Operations__1.0 Read-Only Functions__should track pool changes
SF:/home/rozar/Documents/bitflow/bitflow-stableswap/contracts/token-stx-v-1-1.clar
FN:14,get-name
FN:18,get-symbol
FN:22,get-decimals
FN:26,get-total-supply
FN:30,get-balance
FN:34,get-token-uri
FN:38,get-contract-owner
FN:42,set-token-uri
FN:56,set-contract-owner
FN:70,transfer
FNDA:1,get-decimals
FNDA:1,transfer
FNF:10
FNH:2
DA:15,0
DA:19,0
DA:23,5
DA:27,0
DA:31,0
DA:35,0
DA:39,0
DA:43,0
DA:44,0
DA:46,0
DA:47,0
DA:48,0
DA:49,0
DA:50,0
DA:51,0
DA:57,0
DA:58,0
DA:60,0
DA:61,0
DA:62,0
DA:63,0
DA:64,0
DA:65,0
DA:75,2
DA:76,2
DA:78,2
DA:79,2
DA:80,2
DA:81,2
DA:82,2
DA:83,2
DA:84,2
DA:85,2
DA:86,2
DA:87,2
DA:88,0
DA:89,2
DA:90,2
DA:91,2
DA:92,2
DA:95,2
BRF:10
BRH:1
BRDA:47,117,0,0
BRDA:48,126,0,0
BRDA:61,174,0,0
BRDA:62,183,0,0
BRDA:79,241,0,0
BRDA:80,248,0,0
BRDA:81,254,0,0
BRDA:82,260,0,0
BRDA:84,274,0,0
BRDA:84,274,1,2
end_of_record
TN:tests/basic.test.ts__Basic Pool Operations__1.0 Read-Only Functions__should verify pool state matches configuration
SF:/home/rozar/Documents/bitflow/bitflow-stableswap/contracts/sip-010-trait-ft-standard-v-1-1.clar
FNF:0
FNH:0
BRF:0
BRH:0
end_of_record
TN:tests/basic.test.ts__Basic Pool Operations__1.0 Read-Only Functions__should verify pool state matches configuration
SF:/home/rozar/Documents/bitflow/bitflow-stableswap/contracts/stableswap-core-v-1-1.clar
FN:77,get-admins
FN:82,get-admin-helper
FN:87,get-last-pool-id
FN:92,get-pool-by-id
FN:97,get-minimum-total-shares
FN:102,get-minimum-burnt-shares
FN:107,get-public-pool-creation
FN:1540,is-valid-pool
FN:1647,scale-up-amounts
FN:1607,fold-d-for-loop
FN:339,get-d
FN:1578,fold-y-for-loop
FN:324,get-y
FN:1679,scale-down-amounts
FN:112,get-dy
FN:1549,fold-x-for-loop
FN:309,get-x
FN:168,get-dx
FN:224,get-dlp
FN:344,set-minimum-shares
FN:375,set-public-pool-creation
FN:394,set-pool-uri
FN:429,set-pool-status
FN:461,set-midpoint-manager
FN:496,set-fee-address
FN:531,set-midpoint
FN:567,set-midpoint-factor
FN:603,set-midpoint-reversed
FN:635,set-x-fees
FN:671,set-y-fees
FN:707,set-liquidity-fee
FN:742,set-amplification-coefficient
FN:774,set-convergence-threshold
FN:1514,create-symbol
FN:806,create-pool
FN:947,swap-x-for-y
FN:1053,swap-y-for-x
FN:1159,add-liquidity
FN:1315,withdraw-liquidity
FN:1403,add-admin
FN:1509,admin-not-removable
FN:1422,remove-admin
[...]
FN:1469,set-x-fees-multi
FN:1477,set-y-fees-multi
FN:1485,set-liquidity-fee-multi
FN:1493,set-amplification-coefficient-multi
FN:1501,set-convergence-threshold-multi
FNDA:1,fold-d-for-loop
FNDA:1,fold-y-for-loop
FNDA:1,get-d
FNDA:1,get-y
FNDA:1,is-valid-pool
FNDA:1,scale-down-amounts
FNDA:1,scale-up-amounts
FNDA:1,swap-x-for-y
FNF:50
FNH:8
DA:78,0
DA:83,0
DA:88,0
DA:93,0
DA:98,0
DA:103,0
DA:108,0
DA:117,0
DA:119,0
DA:120,0
DA:121,0
DA:122,0
DA:123,0
DA:124,0
DA:125,0
DA:126,0
DA:127,0
DA:128,0
DA:129,0
DA:130,0
DA:131,0
DA:134,0
DA:135,0
DA:136,0
DA:137,0
DA:138,0
DA:139,0
DA:140,0
DA:141,0
DA:142,0
DA:145,0
DA:146,0
DA:147,0
DA:148,0
DA:151,0
DA:152,0
DA:155,0
DA:156,0
DA:157,0
DA:160,0
DA:163,0
DA:173,0
DA:175,0
DA:176,0
DA:177,0
DA:178,0
DA:179,0
DA:180,0
DA:181,0
DA:182,0
DA:183,0
DA:184,0
DA:185,0
DA:186,0
DA:187,0
DA:190,0
DA:191,0
DA:192,0
DA:193,0
DA:194,0
DA:195,0
DA:196,0
DA:197,0
DA:198,0
DA:201,0
DA:202,0
DA:203,0
DA:204,0
DA:207,0
DA:208,0
DA:211,0
DA:212,0
DA:213,0
DA:216,0
DA:219,0
DA:229,0
DA:231,0
DA:232,0
DA:233,0
DA:234,0
DA:235,0
DA:236,0
DA:237,0
DA:238,0
DA:239,0
DA:240,0
DA:241,0
DA:242,0
DA:243,0
DA:244,0
DA:245,0
DA:248,0
DA:249,0
DA:250,0
DA:251,0
DA:252,0
DA:253,0
DA:254,0
DA:255,0
DA:256,0
DA:259,0
DA:260,0
DA:261,0
DA:262,0
DA:263,0
DA:264,0
DA:267,0
DA:268,0
DA:269,0
DA:270,0
DA:271,0
DA:272,0
DA:273,0
DA:276,0
DA:277,0
DA:278,0
DA:281,0
DA:282,0
DA:283,0
DA:286,0
DA:287,0
DA:288,0
DA:289,0
DA:292,0
DA:293,0
DA:296,0
DA:297,0
DA:298,0
DA:301,0
DA:304,0
DA:310,0
DA:311,0
DA:312,0
DA:313,0
DA:314,0
DA:315,0
DA:316,0
DA:317,0
DA:319,0
DA:325,1
DA:326,1
DA:327,1
DA:328,1
DA:329,1
DA:330,1
DA:331,1
DA:332,1
DA:334,1
DA:340,2
DA:345,0
DA:346,0
DA:348,0
DA:350,0
DA:351,0
DA:354,0
DA:357,0
DA:358,0
DA:361,0
DA:362,0
DA:363,0
DA:364,0
DA:365,0
DA:366,0
DA:369,0
DA:376,0
DA:377,0
DA:379,0
DA:381,0
DA:384,0
DA:387,0
DA:388,0
DA:395,0
DA:397,0
DA:398,0
DA:400,0
DA:402,0
DA:403,0
DA:404,0
DA:407,0
DA:410,0
DA:413,0
DA:414,0
DA:415,0
DA:416,0
DA:417,0
DA:418,0
DA:419,0
DA:420,0
DA:423,0
DA:430,0
DA:432,0
DA:433,0
DA:435,0
DA:437,0
DA:438,0
DA:439,0
DA:442,0
DA:445,0
DA:446,0
DA:447,0
DA:448,0
DA:449,0
DA:450,0
DA:451,0
DA:452,0
DA:455,0
DA:462,0
DA:464,0
DA:465,0
DA:467,0
DA:469,0
DA:470,0
DA:471,0
DA:474,0
DA:477,0
DA:480,0
DA:481,0
DA:482,0
DA:483,0
DA:484,0
DA:485,0
DA:486,0
DA:487,0
DA:490,0
DA:497,0
DA:499,0
DA:500,0
DA:502,0
DA:504,0
DA:505,0
DA:506,0
DA:509,0
DA:512,0
DA:515,0
DA:516,0
DA:517,0
DA:518,0
DA:519,0
DA:520,0
DA:521,0
DA:522,0
DA:525,0
DA:532,0
DA:534,0
DA:535,0
DA:536,0
DA:538,0
DA:540,0
DA:541,0
DA:542,0
DA:545,0
DA:548,0
DA:551,0
DA:552,0
DA:553,0
DA:554,0
DA:555,0
DA:556,0
DA:557,0
DA:558,0
DA:561,0
DA:568,0
DA:570,0
DA:571,0
DA:572,0
DA:574,0
DA:576,0
DA:577,0
DA:578,0
DA:581,0
DA:584,0
DA:587,0
DA:588,0
DA:589,0
DA:590,0
DA:591,0
DA:592,0
DA:593,0
DA:594,0
DA:597,0
DA:604,0
DA:606,0
DA:607,0
DA:609,0
DA:611,0
DA:612,0
DA:613,0
DA:616,0
DA:619,0
DA:620,0
DA:621,0
DA:622,0
DA:623,0
DA:624,0
DA:625,0
DA:626,0
DA:629,0
DA:636,0
DA:638,0
DA:639,0
DA:641,0
DA:643,0
DA:644,0
DA:645,0
DA:648,0
DA:651,0
DA:654,0
DA:655,0
DA:656,0
DA:657,0
DA:658,0
DA:659,0
DA:660,0
DA:661,0
DA:662,0
DA:665,0
DA:672,0
DA:674,0
DA:675,0
DA:677,0
DA:679,0
DA:680,0
DA:681,0
DA:684,0
DA:687,0
DA:690,0
DA:691,0
DA:692,0
DA:693,0
DA:694,0
DA:695,0
DA:696,0
DA:697,0
DA:698,0
DA:701,0
DA:708,0
DA:710,0
DA:711,0
DA:713,0
DA:715,0
DA:716,0
DA:717,0
DA:720,0
DA:723,0
DA:726,0
DA:727,0
DA:728,0
DA:729,0
DA:730,0
DA:731,0
DA:732,0
DA:733,0
DA:736,0
DA:743,0
DA:745,0
DA:746,0
DA:748,0
DA:750,0
DA:751,0
DA:752,0
DA:755,0
DA:758,0
DA:759,0
DA:760,0
DA:761,0
DA:762,0
DA:763,0
DA:764,0
DA:765,0
DA:768,0
DA:775,0
DA:777,0
DA:778,0
DA:780,0
DA:782,0
DA:783,0
DA:784,0
DA:787,0
DA:790,0
DA:791,0
DA:792,0
DA:793,0
DA:794,0
DA:795,0
DA:796,0
DA:797,0
DA:800,0
DA:819,0
DA:821,0
DA:822,0
DA:825,0
DA:826,0
DA:827,0
DA:828,0
DA:829,0
DA:832,0
DA:833,0
DA:834,0
DA:835,0
DA:836,0
DA:837,0
DA:839,0
DA:841,0
DA:844,0
DA:847,0
DA:850,0
DA:851,0
DA:852,0
DA:855,0
DA:858,0
DA:861,0
DA:864,0
DA:867,0
DA:870,0
DA:871,0
DA:872,0
DA:875,0
DA:876,0
DA:879,0
DA:880,0
DA:881,0
DA:884,0
DA:885,0
DA:886,0
DA:887,0
DA:888,0
DA:889,0
DA:890,0
DA:893,0
DA:894,0
DA:897,0
DA:898,0
DA:901,0
DA:904,0
DA:907,0
DA:910,0
DA:911,0
DA:912,0
DA:913,0
DA:914,0
DA:915,0
DA:916,0
DA:917,0
DA:918,0
DA:919,0
DA:920,0
DA:921,0
DA:922,0
DA:923,0
DA:924,0
DA:925,0
DA:926,0
DA:927,0
DA:928,0
DA:929,0
DA:930,0
DA:931,0
DA:932,0
DA:933,0
DA:934,0
DA:935,0
DA:936,0
DA:937,0
DA:938,0
DA:941,0
DA:952,1
DA:954,1
DA:955,1
DA:956,1
DA:957,1
DA:958,1
DA:959,1
DA:960,1
DA:961,1
DA:962,1
DA:963,1
DA:964,1
DA:965,1
DA:966,1
DA:967,1
DA:968,1
DA:971,1
DA:972,1
DA:973,1
DA:974,1
DA:975,1
DA:976,1
DA:977,1
DA:978,1
DA:979,1
DA:980,1
DA:983,1
DA:984,1
DA:985,1
DA:986,1
DA:989,1
DA:990,1
DA:991,1
DA:992,1
DA:993,1
DA:994,1
DA:995,1
DA:996,1
DA:997,1
DA:999,1
DA:1001,1
DA:1002,1
DA:1003,1
DA:1006,1
DA:1009,1
DA:1010,1
DA:1013,1
DA:1016,1
DA:1019,1
DA:1020,1
DA:1021,0
DA:1025,1
DA:1028,1
DA:1029,1
DA:1030,1
DA:1031,0
DA:1032,1
DA:1033,1
DA:1034,1
DA:1035,1
DA:1036,1
DA:1037,1
DA:1038,1
DA:1039,1
DA:1040,1
DA:1041,1
DA:1042,1
DA:1043,1
DA:1044,1
DA:1047,1
DA:1058,0
DA:1060,0
DA:1061,0
DA:1062,0
DA:1063,0
DA:1064,0
DA:1065,0
DA:1066,0
DA:1067,0
DA:1068,0
DA:1069,0
DA:1070,0
DA:1071,0
DA:1072,0
DA:1073,0
DA:1074,0
DA:1077,0
DA:1078,0
DA:1079,0
DA:1080,0
DA:1081,0
DA:1082,0
DA:1083,0
DA:1084,0
DA:1085,0
DA:1086,0
DA:1089,0
DA:1090,0
DA:1091,0
DA:1092,0
DA:1095,0
DA:1096,0
DA:1097,0
DA:1098,0
DA:1099,0
DA:1100,0
DA:1101,0
DA:1102,0
DA:1103,0
DA:1105,0
DA:1107,0
DA:1108,0
DA:1109,0
DA:1112,0
DA:1115,0
DA:1116,0
DA:1119,0
DA:1122,0
DA:1125,0
DA:1126,0
DA:1127,0
DA:1131,0
DA:1134,0
DA:1135,0
DA:1136,0
DA:1137,0
DA:1138,0
DA:1139,0
DA:1140,0
DA:1141,0
DA:1142,0
DA:1143,0
DA:1144,0
DA:1145,0
DA:1146,0
DA:1147,0
DA:1148,0
DA:1149,0
DA:1150,0
DA:1153,0
DA:1164,0
DA:1166,0
DA:1167,0
DA:1168,0
DA:1169,0
DA:1170,0
DA:1171,0
DA:1172,0
DA:1173,0
DA:1174,0
DA:1175,0
DA:1176,0
DA:1177,0
DA:1178,0
DA:1179,0
DA:1180,0
DA:1181,0
DA:1182,0
DA:1185,0
DA:1186,0
DA:1187,0
DA:1188,0
DA:1189,0
DA:1190,0
DA:1191,0
DA:1192,0
DA:1193,0
DA:1196,0
DA:1197,0
DA:1198,0
DA:1199,0
DA:1200,0
DA:1201,0
DA:1204,0
DA:1205,0
DA:1206,0
DA:1207,0
DA:1208,0
DA:1209,0
DA:1210,0
DA:1211,0
DA:1212,0
DA:1215,0
DA:1216,0
DA:1217,0
DA:1218,0
DA:1219,0
DA:1220,0
DA:1221,0
DA:1222,0
DA:1223,0
DA:1226,0
DA:1227,0
DA:1228,0
DA:1231,0
DA:1232,0
DA:1233,0
DA:1234,0
DA:1237,0
DA:1238,0
DA:1240,0
DA:1242,0
DA:1244,0
DA:1245,0
DA:1246,0
DA:1249,0
DA:1252,0
DA:1253,0
DA:1256,0
DA:1257,0
DA:1258,0
DA:1262,0
DA:1263,0
DA:1264,0
DA:1268,0
DA:1269,0
DA:1270,0
DA:1274,0
DA:1275,0
DA:1276,0
DA:1280,0
DA:1283,0
DA:1286,0
DA:1287,0
DA:1288,0
DA:1289,0
DA:1290,0
DA:1291,0
DA:1292,0
DA:1293,0
DA:1294,0
DA:1295,0
DA:1296,0
DA:1297,0
DA:1298,0
DA:1299,0
DA:1300,0
DA:1301,0
DA:1302,0
DA:1303,0
DA:1304,0
DA:1305,0
DA:1306,0
DA:1309,0
DA:1320,0
DA:1322,0
DA:1323,0
DA:1324,0
DA:1325,0
DA:1326,0
DA:1327,0
DA:1328,0
DA:1329,0
DA:1330,0
DA:1333,0
DA:1334,0
DA:1335,0
DA:1336,0
DA:1339,0
DA:1340,0
DA:1341,0
DA:1342,0
DA:1343,0
DA:1345,0
DA:1347,0
DA:1348,0
DA:1351,0
DA:1354,0
DA:1357,0
DA:1360,0
DA:1363,0
DA:1364,0
DA:1365,0
DA:1369,0
DA:1370,0
DA:1371,0
DA:1375,0
DA:1378,0
DA:1381,0
DA:1382,0
DA:1383,0
DA:1384,0
DA:1385,0
DA:1386,0
DA:1387,0
DA:1388,0
DA:1389,0
DA:1390,0
DA:1391,0
DA:1392,0
DA:1393,0
DA:1394,0
DA:1397,0
DA:1404,0
DA:1405,0
DA:1406,0
DA:1409,0
DA:1410,0
DA:1413,0
DA:1416,0
DA:1417,0
DA:1423,0
DA:1424,0
DA:1425,0
DA:1428,0
DA:1429,0
DA:1432,0
DA:1435,0
DA:1436,0
DA:1439,0
DA:1440,0
DA:1449,0
DA:1457,0
DA:1465,0
DA:1473,0
DA:1481,0
DA:1489,0
DA:1497,0
DA:1505,0
DA:1510,0
DA:1515,0
DA:1517,0
DA:1518,0
DA:1521,0
DA:1522,0
DA:1523,0
DA:1524,0
DA:1527,0
DA:1528,0
DA:1529,0
DA:1530,0
DA:1535,0
DA:1541,1
DA:1542,1
DA:1544,1
DA:1550,0
DA:1551,0
DA:1552,0
DA:1553,0
DA:1554,0
DA:1555,0
DA:1556,0
DA:1557,0
DA:1558,0
DA:1559,0
DA:1561,0
DA:1562,0
DA:1563,0
DA:1564,0
DA:1565,0
DA:1567,0
DA:1568,0
DA:1569,0
DA:1572,0
DA:1579,384
DA:1580,384
DA:1581,384
DA:1582,384
DA:1583,384
DA:1584,384
DA:1585,384
DA:1586,384
DA:1587,384
DA:1588,384
DA:1590,384
DA:1591,7
DA:1592,0
DA:1593,0
DA:1594,0
DA:1596,7
DA:1597,1
DA:1598,6
DA:1601,377
DA:1608,768
DA:1610,768
DA:1611,768
DA:1612,768
DA:1613,768
DA:1614,768
DA:1615,768
DA:1616,768
DA:1617,768
DA:1621,768
DA:1624,768
DA:1625,768
DA:1626,768
DA:1627,768
DA:1630,768
DA:1631,4
DA:1632,0
DA:1633,0
DA:1634,0
DA:1636,4
DA:1637,2
DA:1638,2
DA:1641,764
DA:1648,2
DA:1650,2
DA:1651,2
DA:1654,0
DA:1655,2
DA:1656,2
DA:1657,0
DA:1658,0
DA:1659,0
DA:1663,0
DA:1664,2
DA:1665,2
DA:1666,0
DA:1667,0
DA:1668,0
DA:1674,2
DA:1680,3
DA:1682,3
DA:1683,3
DA:1686,0
DA:1687,3
DA:1688,3
DA:1689,0
DA:1690,0
DA:1691,0
DA:1695,0
DA:1696,3
DA:1697,3
DA:1698,0
DA:1699,0
DA:1700,0
DA:1706,3
BRF:235
BRH:19
BRDA:120,1569,0,0
BRDA:145,1713,0,0
BRDA:145,1713,1,0
BRDA:146,1720,0,0
BRDA:146,1720,1,0
BRDA:155,1760,0,0
BRDA:156,1770,0,0
BRDA:157,1779,0,0
BRDA:160,1788,0,0
BRDA:160,1790,0,0
BRDA:160,1790,1,0
BRDA:176,2148,0,0
BRDA:201,2292,0,0
BRDA:201,2292,1,0
BRDA:202,2299,0,0
BRDA:202,2299,1,0
BRDA:211,2339,0,0
BRDA:212,2349,0,0
BRDA:213,2358,0,0
BRDA:216,2367,0,0
BRDA:216,2369,0,0
BRDA:216,2369,1,0
BRDA:232,2419,0,0
BRDA:263,2605,0,0
BRDA:263,2605,1,0
BRDA:264,2621,0,0
BRDA:264,2621,1,0
BRDA:269,2655,0,0
BRDA:269,2655,1,0
BRDA:270,2665,0,0
BRDA:270,2665,1,0
BRDA:281,2713,0,0
BRDA:281,2713,1,0
BRDA:282,2720,0,0
BRDA:282,2720,1,0
BRDA:292,2768,0,0
BRDA:296,2787,0,0
BRDA:297,2797,0,0
BRDA:298,2806,0,0
BRDA:301,2815,0,0
BRDA:350,2846,0,0
BRDA:351,2857,0,0
BRDA:351,2859,0,0
BRDA:351,2859,1,0
BRDA:354,2870,0,0
BRDA:381,2923,0,0
BRDA:402,2987,0,0
BRDA:403,2998,0,0
BRDA:404,3010,0,0
BRDA:407,3020,0,0
BRDA:437,3100,0,0
BRDA:438,3111,0,0
BRDA:439,3123,0,0
BRDA:469,3204,0,0
BRDA:470,3215,0,0
BRDA:471,3227,0,0
BRDA:474,3237,0,0
BRDA:504,3314,0,0
BRDA:505,3325,0,0
BRDA:506,3337,0,0
BRDA:509,3347,0,0
BRDA:540,3430,0,0
BRDA:540,3432,0,0
BRDA:540,3432,1,0
BRDA:541,3447,0,0
BRDA:542,3459,0,0
BRDA:545,3469,0,0
BRDA:576,3553,0,0
BRDA:576,3555,0,0
BRDA:576,3555,1,0
BRDA:577,3570,0,0
BRDA:578,3582,0,0
BRDA:581,3592,0,0
BRDA:611,3670,0,0
BRDA:612,3681,0,0
BRDA:613,3693,0,0
BRDA:643,3777,0,0
BRDA:644,3788,0,0
BRDA:645,3800,0,0
BRDA:648,3810,0,0
BRDA:679,3898,0,0
BRDA:680,3909,0,0
BRDA:681,3921,0,0
BRDA:684,3931,0,0
BRDA:715,4016,0,0
BRDA:716,4027,0,0
BRDA:717,4039,0,0
BRDA:720,4049,0,0
BRDA:750,4127,0,0
BRDA:751,4138,0,0
BRDA:752,4150,0,0
BRDA:782,4231,0,0
BRDA:783,4242,0,0
BRDA:784,4254,0,0
BRDA:841,4532,0,0
BRDA:841,4534,0,0
BRDA:841,4534,1,0
BRDA:844,4548,0,0
BRDA:847,4558,0,0
BRDA:850,4567,0,0
BRDA:851,4573,0,0
BRDA:852,4579,0,0
BRDA:855,4585,0,0
BRDA:855,4587,0,0
BRDA:855,4587,1,0
BRDA:858,4598,0,0
BRDA:861,4605,0,0
BRDA:864,4614,0,0
BRDA:867,4621,0,0
BRDA:870,4631,0,0
BRDA:871,4640,0,0
BRDA:872,4649,0,0
BRDA:875,4658,0,0
BRDA:876,4665,0,0
BRDA:879,4672,0,0
BRDA:880,4682,0,0
BRDA:881,4692,0,0
BRDA:955,4956,0,0
BRDA:983,5118,0,1
BRDA:983,5118,1,0
BRDA:984,5125,0,1
BRDA:984,5125,1,0
BRDA:1001,5218,0,0
BRDA:1002,5228,0,0
BRDA:1003,5237,0,0
BRDA:1006,5246,0,0
BRDA:1006,5248,0,1
BRDA:1006,5248,1,1
BRDA:1009,5262,0,0
BRDA:1010,5269,0,0
BRDA:1020,5295,0,1
BRDA:1021,5295,1,0
BRDA:1061,5419,0,0
BRDA:1089,5581,0,0
BRDA:1089,5581,1,0
BRDA:1090,5588,0,0
BRDA:1090,5588,1,0
BRDA:1107,5681,0,0
BRDA:1108,5691,0,0
BRDA:1109,5700,0,0
BRDA:1112,5709,0,0
BRDA:1112,5711,0,0
BRDA:1112,5711,1,0
BRDA:1115,5725,0,0
BRDA:1116,5732,0,0
BRDA:1126,5758,0,0
BRDA:1127,5758,1,0
BRDA:1167,5885,0,0
BRDA:1200,6082,0,0
BRDA:1200,6082,1,0
BRDA:1201,6098,0,0
BRDA:1201,6098,1,0
BRDA:1206,6132,0,0
BRDA:1206,6132,1,0
BRDA:1207,6142,0,0
BRDA:1207,6142,1,0
BRDA:1226,6244,0,0
BRDA:1226,6244,1,0
BRDA:1227,6251,0,0
BRDA:1227,6251,1,0
BRDA:1237,6299,0,0
BRDA:1244,6323,0,0
BRDA:1245,6333,0,0
BRDA:1246,6342,0,0
BRDA:1249,6351,0,0
BRDA:1252,6361,0,0
BRDA:1253,6368,0,0
BRDA:1257,6375,0,0
BRDA:1258,6375,1,0
BRDA:1263,6392,0,0
BRDA:1264,6392,1,0
BRDA:1269,6409,0,0
BRDA:1270,6409,1,0
BRDA:1275,6426,0,0
BRDA:1276,6426,1,0
BRDA:1323,6570,0,0
BRDA:1347,6687,0,0
BRDA:1348,6696,0,0
BRDA:1351,6705,0,0
BRDA:1354,6712,0,0
BRDA:1357,6722,0,0
BRDA:1360,6729,0,0
BRDA:1364,6736,0,0
BRDA:1365,6736,1,0
BRDA:1370,6752,0,0
BRDA:1371,6752,1,0
BRDA:1409,6865,0,0
BRDA:1410,6874,0,0
BRDA:1428,6949,0,0
BRDA:1429,6958,0,0
BRDA:1432,6967,0,0
BRDA:1523,4339,0,0
BRDA:1524,4339,1,0
BRDA:1529,4357,0,0
BRDA:1530,4357,1,0
BRDA:1562,1902,0,0
BRDA:1563,1908,0,0
BRDA:1567,1908,1,0
BRDA:1572,1902,1,0
BRDA:1591,1228,0,7
BRDA:1592,1234,0,0
BRDA:1596,1234,1,7
BRDA:1601,1228,1,377
BRDA:1631,973,0,4
BRDA:1632,979,0,0
BRDA:1636,979,1,4
BRDA:1641,973,1,764
BRDA:1656,772,0,2
BRDA:1657,772,1,0
BRDA:1658,779,0,0
BRDA:1659,779,1,0
BRDA:1665,798,0,2
BRDA:1666,798,1,0
BRDA:1667,805,0,0
BRDA:1668,805,1,0
BRDA:1688,1481,0,3
BRDA:1689,1481,1,0
BRDA:1690,1488,0,0
BRDA:1691,1488,1,0
BRDA:1697,1507,0,3
BRDA:1698,1507,1,0
BRDA:1699,1514,0,0
BRDA:1700,1514,1,0
end_of_record
TN:tests/basic.test.ts__Basic Pool Operations__1.3 Swapping__Standard Cases__should handle small STX to stSTX swaps
SF:/home/rozar/Documents/bitflow/bitflow-stableswap/contracts/stableswap-emissions-stx-ststx-stx-v-1-1.clar
FN:43,get-deployment-height
FN:47,get-current-cycle
FN:51,get-cycle-from-height
FN:55,get-starting-height-from-cycle
FN:59,get-admins
FN:63,get-admin-helper
FN:67,get-claim-status
FN:71,get-total-unclaimed-rewards
FN:75,get-rewards-expiration
FN:79,get-cycle
FN:83,get-user-at-cycle
FN:309,get-external-user-data
FN:319,get-external-cycle-data
FN:87,get-user-rewards-at-cycle
FN:107,add-admin
FN:295,admin-not-removable
FN:120,remove-admin
FN:137,set-claim-status
FN:150,set-rewards-expiration
FN:163,set-rewards
FN:190,clear-expired-rewards
FN:299,transfer-rewards-token
FN:217,withdraw-rewards
FN:238,claim-rewards
FN:283,set-rewards-multi
FN:287,clear-expired-rewards-multi
FN:291,claim-rewards-multi
FNF:27
FNH:0
BRF:0
BRH:0
end_of_record
TN:tests/basic.test.ts__Basic Pool Operations__1.3 Swapping__Standard Cases__should handle small STX to stSTX swaps
SF:/home/rozar/Documents/bitflow/bitflow-stableswap/contracts/stableswap-pool-stx-ststx-v-1-1.clar
FN:63,get-name
FN:68,get-symbol
FN:73,get-decimals
FN:78,get-token-uri
FN:83,get-total-supply
FN:88,get-balance
FN:93,get-pool
FN:126,set-pool-uri
FN:140,set-pool-status
FN:154,set-midpoint-manager
FN:168,set-fee-address
FN:182,set-midpoint
FN:196,set-midpoint-factor
FN:210,set-midpoint-reversed
FN:224,set-x-fees
FN:239,set-y-fees
FN:254,set-liquidity-fee
FN:268,set-amplification-coefficient
FN:282,set-convergence-threshold
FN:296,update-pool-balances
FN:315,transfer
FN:350,pool-transfer
FN:377,pool-mint
FN:400,pool-burn
FN:423,create-pool
FNDA:1,get-pool
FNDA:1,pool-transfer
FNDA:1,update-pool-balances
FNF:25
FNH:3
DA:64,0
DA:69,0
DA:74,0
DA:79,0
DA:84,0
DA:89,0
DA:94,1
DA:95,1
DA:96,1
DA:97,1
DA:98,1
DA:99,1
DA:100,1
DA:101,1
DA:102,1
DA:103,1
DA:104,1
DA:105,1
DA:106,1
DA:107,1
DA:108,1
DA:109,1
DA:110,1
DA:111,1
DA:112,1
DA:113,1
DA:114,1
DA:115,1
DA:116,1
DA:117,1
DA:118,1
DA:119,1
DA:120,1
DA:121,1
DA:127,0
DA:128,0
DA:130,0
DA:132,0
DA:133,0
DA:134,0
DA:141,0
DA:142,0
DA:144,0
DA:146,0
DA:147,0
DA:148,0
DA:155,0
DA:156,0
DA:158,0
DA:160,0
DA:161,0
DA:162,0
DA:169,0
DA:170,0
DA:172,0
DA:174,0
DA:175,0
DA:176,0
DA:183,0
DA:184,0
DA:186,0
DA:188,0
DA:189,0
DA:190,0
DA:197,0
DA:198,0
DA:200,0
DA:202,0
DA:203,0
DA:204,0
DA:211,0
DA:212,0
DA:214,0
DA:216,0
DA:217,0
DA:218,0
DA:225,0
DA:226,0
DA:228,0
DA:230,0
DA:231,0
DA:232,0
DA:233,0
DA:240,0
DA:241,0
DA:243,0
DA:245,0
DA:246,0
DA:247,0
DA:248,0
DA:255,0
DA:256,0
DA:258,0
DA:260,0
DA:261,0
DA:262,0
DA:269,0
DA:270,0
DA:272,0
DA:274,0
DA:275,0
DA:276,0
DA:283,0
DA:284,0
DA:286,0
DA:288,0
DA:289,0
DA:290,0
DA:297,1
DA:298,1
DA:300,1
DA:302,1
DA:303,1
DA:304,1
DA:305,1
DA:308,1
DA:309,1
DA:320,0
DA:321,0
DA:323,0
DA:325,0
DA:326,0
DA:327,0
DA:330,0
DA:331,0
DA:334,0
DA:335,0
DA:336,0
DA:337,0
DA:338,0
DA:339,0
DA:340,0
DA:341,0
DA:344,0
DA:351,1
DA:352,1
DA:353,1
DA:355,1
DA:357,1
DA:360,1
DA:361,1
DA:364,1
DA:367,1
DA:370,1
DA:371,1
DA:378,0
DA:379,0
DA:381,0
DA:383,0
DA:386,0
DA:387,0
DA:390,0
DA:393,0
DA:394,0
DA:401,0
DA:402,0
DA:404,0
DA:406,0
DA:409,0
DA:410,0
DA:413,0
DA:416,0
DA:417,0
DA:433,0
DA:434,0
DA:436,0
DA:438,0
DA:439,0
DA:440,0
DA:441,0
DA:442,0
DA:443,0
DA:444,0
DA:445,0
DA:446,0
DA:447,0
DA:448,0
DA:449,0
DA:450,0
DA:451,0
DA:452,0
DA:453,0
BRF:30
BRH:0
BRDA:132,409,0,0
BRDA:146,438,0,0
BRDA:160,467,0,0
BRDA:174,496,0,0
BRDA:188,525,0,0
BRDA:202,554,0,0
BRDA:216,583,0,0
BRDA:230,615,0,0
BRDA:245,651,0,0
BRDA:260,684,0,0
BRDA:274,713,0,0
BRDA:288,742,0,0
BRDA:302,777,0,0
BRDA:325,847,0,0
BRDA:326,854,0,0
BRDA:327,860,0,0
BRDA:331,874,0,0
BRDA:331,874,1,0
BRDA:357,937,0,0
BRDA:360,944,0,0
BRDA:361,950,0,0
BRDA:364,956,0,0
BRDA:383,1016,0,0
BRDA:386,1023,0,0
BRDA:387,1029,0,0
BRDA:406,1081,0,0
BRDA:409,1088,0,0
BRDA:410,1094,0,0
BRDA:438,1182,0,0
BRDA:439,1189,0,0
end_of_record
TN:tests/basic.test.ts__Basic Pool Operations__1.3 Swapping__Standard Cases__should handle small STX to stSTX swaps
SF:/home/rozar/Documents/bitflow/bitflow-stableswap/contracts/stableswap-pool-trait-v-1-1.clar
FNF:0
FNH:0
BRF:0
BRH:0
end_of_record
TN:tests/basic.test.ts__Basic Pool Operations__1.3 Swapping__Standard Cases__should handle small STX to stSTX swaps
SF:/home/rozar/Documents/bitflow/bitflow-stableswap/contracts/stableswap-staking-stx-ststx-v-1-1.clar
FN:60,get-deployment-height
FN:64,get-current-cycle
FN:68,get-cycle-from-height
FN:72,get-starting-height-from-cycle
FN:76,get-admins
FN:80,get-admin-helper
FN:84,get-helper-value
FN:88,get-helper-list
FN:92,get-staking-status
FN:96,get-early-unstake-status
FN:100,get-early-unstake-fee-address
FN:104,get-early-unstake-fee
FN:108,get-total-lp-staked
FN:112,get-lp-staked-at-cycle
FN:116,get-user
FN:120,get-user-at-cycle
FN:124,add-admin
FN:352,admin-not-removable
FN:137,remove-admin
FN:154,set-staking-status
FN:167,set-early-unstake-status
FN:180,set-early-unstake-fee-address
FN:193,set-early-unstake-fee
FN:356,filter-cycles-list
FN:377,map-filtered-cycles-list
FN:363,filter-next-cycles-list
FN:456,transfer-lp-token
FN:381,fold-user-data-per-cycle
FN:206,stake-lp-tokens
FN:370,filter-unstaked-cycles-list
FN:406,fold-cycles-to-unstakeable-cycles
FN:271,unstake-lp-tokens
FN:432,fold-early-unstake-per-cycle
FN:308,early-unstake-lp-tokens
FNF:34
FNH:0
BRF:0
BRH:0
end_of_record
TN:tests/basic.test.ts__Basic Pool Operations__1.3 Swapping__Standard Cases__should handle small STX to stSTX swaps
SF:/home/rozar/Documents/bitflow/bitflow-stableswap/contracts/external/token-ststx.clar
FN:9,get-total-supply
FN:13,get-name
FN:17,get-symbol
FN:21,get-decimals
FN:25,get-balance
FN:29,get-balance-simple
FN:34,get-token-uri
FN:38,transfer
FN:52,mint
FN:58,burn
FNDA:1,get-decimals
FNDA:1,transfer
FNF:10
FNH:2
DA:10,0
DA:14,0
DA:18,0
DA:22,5
DA:26,0
DA:30,0
DA:35,0
DA:39,1
DA:40,1
DA:42,1
DA:43,1
DA:44,1
DA:45,1
DA:47,0
DA:53,0
DA:54,0
DA:59,0
DA:60,0
BRF:3
BRH:1
BRDA:40,101,0,0
BRDA:43,110,0,1
BRDA:47,110,1,0
end_of_record
TN:tests/basic.test.ts__Basic Pool Operations__1.3 Swapping__Standard Cases__should handle small STX to stSTX swaps
SF:/home/rozar/Documents/bitflow/bitflow-stableswap/contracts/token-stx-v-1-1.clar
FN:14,get-name
FN:18,get-symbol
FN:22,get-decimals
FN:26,get-total-supply
FN:30,get-balance
FN:34,get-token-uri
FN:38,get-contract-owner
FN:42,set-token-uri
FN:56,set-contract-owner
FN:70,transfer
FNDA:1,get-decimals
FNDA:1,transfer
FNF:10
FNH:2
DA:15,0
DA:19,0
DA:23,5
DA:27,0
DA:31,0
DA:35,0
DA:39,0
DA:43,0
DA:44,0
DA:46,0
DA:47,0
DA:48,0
DA:49,0
DA:50,0
DA:51,0
DA:57,0
DA:58,0
DA:60,0
DA:61,0
DA:62,0
DA:63,0
DA:64,0
DA:65,0
DA:75,2
DA:76,2
DA:78,2
DA:79,2
DA:80,2
DA:81,2
DA:82,2
DA:83,2
DA:84,2
DA:85,2
DA:86,2
DA:87,2
DA:88,0
DA:89,2
DA:90,2
DA:91,2
DA:92,2
DA:95,2
BRF:10
BRH:1
BRDA:47,117,0,0
BRDA:48,126,0,0
BRDA:61,174,0,0
BRDA:62,183,0,0
BRDA:79,241,0,0
BRDA:80,248,0,0
BRDA:81,254,0,0
BRDA:82,260,0,0
BRDA:84,274,0,0
BRDA:84,274,1,2
end_of_record
